<?xml version="1.0" encoding="UTF-8"?>
<robot generator="Robot 7.0.1 (Python 3.9.5 on win32)" generated="2025-12-12T16:06:12.840999" rpa="false" schemaversion="5">
<suite id="s1" name="Testcase" source="C:\Users\pc\Downloads\accuweather-project\Testcase">
<kw name="Test Suite Setup" owner="keywords" type="SETUP">
<kw name="Load Env" owner="Share">
<msg time="2025-12-12T16:06:13.092802" level="INFO">${env} = {'browser': 'chrome', 'base_url': 'https://www.accuweather.com', 'headless': 'false', 'timeout': '300'}</msg>
<var>${env}</var>
<status status="PASS" start="2025-12-12T16:06:13.091766" elapsed="0.002097"/>
</kw>
<for flavor="IN">
<iter>
<kw name="Convert To Upper Case" owner="String">
<msg time="2025-12-12T16:06:13.095229" level="INFO">${key_upercase} = BROWSER</msg>
<var>${key_upercase}</var>
<arg>${key}</arg>
<doc>Converts string to upper case.</doc>
<status status="PASS" start="2025-12-12T16:06:13.095229" elapsed="0.000000"/>
</kw>
<kw name="Set Global Variable" owner="BuiltIn">
<msg time="2025-12-12T16:06:13.097285" level="INFO">${BROWSER} = chrome</msg>
<arg>${${key_upercase}}</arg>
<arg>${env['${key}']}</arg>
<doc>Makes a variable available globally in all tests and suites.</doc>
<status status="PASS" start="2025-12-12T16:06:13.095229" elapsed="0.002056"/>
</kw>
<var name="${key}">browser</var>
<status status="PASS" start="2025-12-12T16:06:13.095229" elapsed="0.002056"/>
</iter>
<iter>
<kw name="Convert To Upper Case" owner="String">
<msg time="2025-12-12T16:06:13.097285" level="INFO">${key_upercase} = BASE_URL</msg>
<var>${key_upercase}</var>
<arg>${key}</arg>
<doc>Converts string to upper case.</doc>
<status status="PASS" start="2025-12-12T16:06:13.097285" elapsed="0.000000"/>
</kw>
<kw name="Set Global Variable" owner="BuiltIn">
<msg time="2025-12-12T16:06:13.099360" level="INFO">${BASE_URL} = https://www.accuweather.com</msg>
<arg>${${key_upercase}}</arg>
<arg>${env['${key}']}</arg>
<doc>Makes a variable available globally in all tests and suites.</doc>
<status status="PASS" start="2025-12-12T16:06:13.097285" elapsed="0.002075"/>
</kw>
<var name="${key}">base_url</var>
<status status="PASS" start="2025-12-12T16:06:13.097285" elapsed="0.002075"/>
</iter>
<iter>
<kw name="Convert To Upper Case" owner="String">
<msg time="2025-12-12T16:06:13.099360" level="INFO">${key_upercase} = HEADLESS</msg>
<var>${key_upercase}</var>
<arg>${key}</arg>
<doc>Converts string to upper case.</doc>
<status status="PASS" start="2025-12-12T16:06:13.099360" elapsed="0.000000"/>
</kw>
<kw name="Set Global Variable" owner="BuiltIn">
<msg time="2025-12-12T16:06:13.101435" level="INFO">${HEADLESS} = false</msg>
<arg>${${key_upercase}}</arg>
<arg>${env['${key}']}</arg>
<doc>Makes a variable available globally in all tests and suites.</doc>
<status status="PASS" start="2025-12-12T16:06:13.100399" elapsed="0.001036"/>
</kw>
<var name="${key}">headless</var>
<status status="PASS" start="2025-12-12T16:06:13.099360" elapsed="0.002075"/>
</iter>
<iter>
<kw name="Convert To Upper Case" owner="String">
<msg time="2025-12-12T16:06:13.102475" level="INFO">${key_upercase} = TIMEOUT</msg>
<var>${key_upercase}</var>
<arg>${key}</arg>
<doc>Converts string to upper case.</doc>
<status status="PASS" start="2025-12-12T16:06:13.101435" elapsed="0.001040"/>
</kw>
<kw name="Set Global Variable" owner="BuiltIn">
<msg time="2025-12-12T16:06:13.103510" level="INFO">${TIMEOUT} = 300</msg>
<arg>${${key_upercase}}</arg>
<arg>${env['${key}']}</arg>
<doc>Makes a variable available globally in all tests and suites.</doc>
<status status="PASS" start="2025-12-12T16:06:13.102475" elapsed="0.001035"/>
</kw>
<var name="${key}">timeout</var>
<status status="PASS" start="2025-12-12T16:06:13.101435" elapsed="0.003114"/>
</iter>
<var>${key}</var>
<value>@{env.keys()}</value>
<status status="PASS" start="2025-12-12T16:06:13.094206" elapsed="0.010343"/>
</for>
<kw name="Navigate To URL" owner="keywords">
<kw name="Start Browser" owner="Share">
<status status="PASS" start="2025-12-12T16:06:13.104549" elapsed="29.239909"/>
</kw>
<kw name="Go To" owner="Share">
<msg time="2025-12-12T16:06:42.346571" level="INFO">Opening url 'https://www.accuweather.com'</msg>
<arg>${base_url}</arg>
<doc>Navigates the active browser instance to the provided ``url``.</doc>
<status status="PASS" start="2025-12-12T16:06:42.345517" elapsed="2.849924"/>
</kw>
<status status="PASS" start="2025-12-12T16:06:13.104549" elapsed="32.090892"/>
</kw>
<status status="PASS" start="2025-12-12T16:06:13.090555" elapsed="32.104886"/>
</kw>
<suite id="s1-s1" name="Accuweather" source="C:\Users\pc\Downloads\accuweather-project\Testcase\accuweather.robot">
<test id="s1-s1-t1" name="Weather Information Retrieve Test" line="7">
<kw name="Single Testcase Setup" owner="keywords" type="SETUP">
<kw name="Get Test Suite Name" owner="keywords">
<kw name="Convert To Lower Case" owner="String">
<msg time="2025-12-12T16:06:45.235602" level="INFO">${results} = testcase.accuweather</msg>
<var>${results}</var>
<arg>${SUITE_NAME}</arg>
<doc>Converts string to lower case.</doc>
<status status="PASS" start="2025-12-12T16:06:45.235602" elapsed="0.000997"/>
</kw>
<kw name="Split String" owner="String">
<msg time="2025-12-12T16:06:45.237687" level="INFO">@{words} = [ testcase | accuweather ]</msg>
<var>@{words}</var>
<arg>${results}</arg>
<arg>.</arg>
<doc>Splits the ``string`` using ``separator`` as a delimiter string.</doc>
<status status="PASS" start="2025-12-12T16:06:45.236599" elapsed="0.001088"/>
</kw>
<kw name="Set Global Variable" owner="BuiltIn">
<msg time="2025-12-12T16:06:45.242945" level="INFO">${CURRENT_SUITE_NAME} = accuweather</msg>
<arg>${CURRENT_SUITE_NAME}</arg>
<arg>${words[1]}</arg>
<doc>Makes a variable available globally in all tests and suites.</doc>
<status status="PASS" start="2025-12-12T16:06:45.238717" elapsed="0.005224"/>
</kw>
<status status="PASS" start="2025-12-12T16:06:45.234606" elapsed="0.009335"/>
</kw>
<kw name="Get Current Tag" owner="keywords">
<kw name="Set Variable" owner="BuiltIn">
<msg time="2025-12-12T16:06:45.244939" level="INFO">${tag} = wearther_daily</msg>
<var>${tag}</var>
<arg>@{TEST TAGS}</arg>
<doc>Returns the given values which can then be assigned to a variables.</doc>
<status status="PASS" start="2025-12-12T16:06:45.244939" elapsed="0.000000"/>
</kw>
<kw name="Set Test Variable" owner="BuiltIn">
<msg time="2025-12-12T16:06:45.249039" level="INFO">${current_tag} = wearther_daily</msg>
<arg>${current_tag}</arg>
<arg>${tag}</arg>
<doc>Makes a variable available everywhere within the scope of the current test.</doc>
<status status="PASS" start="2025-12-12T16:06:45.245936" elapsed="0.004106"/>
</kw>
<status status="PASS" start="2025-12-12T16:06:45.243941" elapsed="0.006101"/>
</kw>
<kw name="Set Data" owner="keywords">
<kw name="Get ${CURRENT_SUITE_NAME} Data" owner="keywords" source_name="Get ${module} Data">
<kw name="Get File" owner="OperatingSystem">
<msg time="2025-12-12T16:06:45.254271" level="INFO" html="true">Getting file '&lt;a href="file://C:\Users\pc\Downloads\accuweather-project\Resources\accuweather.json"&gt;C:\Users\pc\Downloads\accuweather-project\Resources\accuweather.json&lt;/a&gt;'.</msg>
<msg time="2025-12-12T16:06:45.256648" level="INFO">${file} = {
  "wearther_daily": {
    "unit-setting": "Imperial (°F, mph, in)",
    "location": "Ho Chi Minh City",
    "menu-item": "Daily"
  },
  "weather_hourly": {
    "unit-setting": "Imperial (°F, mph, in...</msg>
<var>${file}</var>
<arg>${EXECDIR}${/}Resources${/}${module}.json</arg>
<doc>Returns the contents of a specified file.</doc>
<status status="PASS" start="2025-12-12T16:06:45.253036" elapsed="0.003612"/>
</kw>
<kw name="Evaluate" owner="BuiltIn">
<msg time="2025-12-12T16:06:45.258641" level="INFO">${json_data} = {'wearther_daily': {'unit-setting': 'Imperial (°F, mph, in)', 'location': 'Ho Chi Minh City', 'menu-item': 'Daily'}, 'weather_hourly': {'unit-setting': 'Imperial (°F, mph, in)', 'location': 'Ho Chi Mi...</msg>
<var>${json_data}</var>
<arg>json.loads('''${file}''')</arg>
<arg>json</arg>
<doc>Evaluates the given expression in Python and returns the result.</doc>
<status status="PASS" start="2025-12-12T16:06:45.257644" elapsed="0.002137"/>
</kw>
<kw name="Set Global Variable" owner="BuiltIn">
<msg time="2025-12-12T16:06:45.264566" level="INFO">${data} = {'wearther_daily': {'unit-setting': 'Imperial (°F, mph, in)', 'location': 'Ho Chi Minh City', 'menu-item': 'Daily'}, 'weather_hourly': {'unit-setting': 'Imperial (°F, mph, in)', 'location': 'Ho Chi Mi...</msg>
<arg>${data}</arg>
<arg>${json_data}</arg>
<doc>Makes a variable available globally in all tests and suites.</doc>
<status status="PASS" start="2025-12-12T16:06:45.260288" elapsed="0.004278"/>
</kw>
<return>
<value>${json_data}</value>
<status status="PASS" start="2025-12-12T16:06:45.264566" elapsed="0.004986"/>
</return>
<msg time="2025-12-12T16:06:45.272682" level="INFO">${tmp} = {'wearther_daily': {'unit-setting': 'Imperial (°F, mph, in)', 'location': 'Ho Chi Minh City', 'menu-item': 'Daily'}, 'weather_hourly': {'unit-setting': 'Imperial (°F, mph, in)', 'location': 'Ho Chi Mi...</msg>
<var>${tmp}</var>
<status status="PASS" start="2025-12-12T16:06:45.251039" elapsed="0.021643"/>
</kw>
<kw name="Set Test Variable" owner="BuiltIn">
<msg time="2025-12-12T16:06:45.285214" level="INFO">${data} = {'unit-setting': 'Imperial (°F, mph, in)', 'location': 'Ho Chi Minh City', 'menu-item': 'Daily'}</msg>
<arg>${data}</arg>
<arg>${tmp['${current_tag}']}</arg>
<doc>Makes a variable available everywhere within the scope of the current test.</doc>
<status status="PASS" start="2025-12-12T16:06:45.278081" elapsed="0.008291"/>
</kw>
<status status="PASS" start="2025-12-12T16:06:45.250042" elapsed="0.038176"/>
</kw>
<status status="PASS" start="2025-12-12T16:06:45.232123" elapsed="0.057168"/>
</kw>
<kw name="Set Fahrenheit Value" owner="keywords">
<kw name="Click Threedot Menu" owner="actions">
<kw name="Wait Until Element Is Visible" owner="Share">
<arg>${threedot-menu}</arg>
<status status="PASS" start="2025-12-12T16:06:45.304191" elapsed="0.088999"/>
</kw>
<kw name="Click Element" owner="Share">
<msg time="2025-12-12T16:06:45.394466" level="INFO">Clicking element 'xpath=//*[name()='svg' and contains(@class, 'hamburger-button')]'.</msg>
<arg>${threedot-menu}</arg>
<doc>Click element identified by ``locator``.</doc>
<status status="PASS" start="2025-12-12T16:06:45.394466" elapsed="0.319571"/>
</kw>
<status status="PASS" start="2025-12-12T16:06:45.298562" elapsed="0.415475"/>
</kw>
<kw name="Click Settings" owner="actions">
<kw name="Wait Until Element Is Visible" owner="Share">
<arg>${settings}</arg>
<status status="PASS" start="2025-12-12T16:06:45.715075" elapsed="0.026495"/>
</kw>
<kw name="Click Element" owner="Share">
<msg time="2025-12-12T16:06:45.741570" level="INFO">Clicking element 'xpath=//*[name()='svg' and contains(@class, 'icon-settings')]//parent::a'.</msg>
<arg>${settings}</arg>
<doc>Click element identified by ``locator``.</doc>
<status status="PASS" start="2025-12-12T16:06:45.741570" elapsed="1.184888"/>
</kw>
<status status="PASS" start="2025-12-12T16:06:45.714037" elapsed="1.213426"/>
</kw>
<kw name="Select Value In Suggestion List" owner="actions">
<kw name="Wait Until Element Is Visible" owner="Share">
<arg>${unit-setting}</arg>
<status status="PASS" start="2025-12-12T16:06:46.928469" elapsed="0.058000"/>
</kw>
<kw name="Select Dropdown List Value" owner="Share">
<arg>${unit-setting}</arg>
<arg>${value}</arg>
<status status="PASS" start="2025-12-12T16:06:46.986469" elapsed="0.119006"/>
</kw>
<arg>${value['unit-setting']}</arg>
<status status="PASS" start="2025-12-12T16:06:46.927463" elapsed="0.178012"/>
</kw>
<kw name="Click Logo Button On Header" owner="actions">
<kw name="Wait Until Element Is Visible" owner="Share">
<arg>${logo-icon}</arg>
<status status="PASS" start="2025-12-12T16:06:47.107029" elapsed="0.066241"/>
</kw>
<kw name="Click Element" owner="Share">
<msg time="2025-12-12T16:06:47.173270" level="INFO">Clicking element 'xpath=//a[@class="header-logo"]'.</msg>
<arg>${logo-icon}</arg>
<doc>Click element identified by ``locator``.</doc>
<status status="PASS" start="2025-12-12T16:06:47.173270" elapsed="1.108651"/>
</kw>
<status status="PASS" start="2025-12-12T16:06:47.105475" elapsed="1.177852"/>
</kw>
<arg>${data}</arg>
<status status="PASS" start="2025-12-12T16:06:45.298562" elapsed="2.984765"/>
</kw>
<kw name="Select Location After Enter Search Field" owner="keywords">
<kw name="Accept Privacy Button" owner="actions">
<kw name="Run Keyword And Return Status" owner="BuiltIn">
<kw name="Wait Until Element Is Visible" owner="Share">
<kw name="Capture Page Screenshot" owner="Share">
<msg time="2025-12-12T16:06:48.615990" level="INFO" html="true">&lt;/td&gt;&lt;/tr&gt;&lt;tr&gt;&lt;td colspan="3"&gt;&lt;a href="selenium-screenshot-1.png"&gt;&lt;img src="selenium-screenshot-1.png" width="800px"&gt;&lt;/a&gt;</msg>
<doc>Takes screenshot of the current page and embeds it into log file.</doc>
<status status="PASS" start="2025-12-12T16:06:48.292792" elapsed="0.323198"/>
</kw>
<msg time="2025-12-12T16:06:48.617035" level="FAIL">ValueError: could not convert string to float: 'timeout=3s'</msg>
<arg>${accept-privacy-button}</arg>
<arg>timeout=3s</arg>
<status status="FAIL" start="2025-12-12T16:06:48.290618" elapsed="0.330542">ValueError: could not convert string to float: 'timeout=3s'</status>
</kw>
<msg time="2025-12-12T16:06:48.622159" level="INFO">${exists} = False</msg>
<var>${exists}</var>
<arg>Wait Until Element Is Visible</arg>
<arg>${accept-privacy-button}</arg>
<arg>timeout=3s</arg>
<doc>Runs the given keyword with given arguments and returns the status as a Boolean value.</doc>
<status status="PASS" start="2025-12-12T16:06:48.289595" elapsed="0.332564"/>
</kw>
<if>
<branch type="IF" condition="${exists}">
<kw name="Click Element" owner="Share">
<arg>${accept-privacy-button}</arg>
<doc>Click element identified by ``locator``.</doc>
<status status="NOT RUN" start="2025-12-12T16:06:48.623155" elapsed="0.001000"/>
</kw>
<status status="NOT RUN" start="2025-12-12T16:06:48.623155" elapsed="0.001996"/>
</branch>
<status status="PASS" start="2025-12-12T16:06:48.623155" elapsed="0.001996"/>
</if>
<status status="PASS" start="2025-12-12T16:06:48.287775" elapsed="0.337376"/>
</kw>
<kw name="Enter Value To Search Field" owner="actions">
<kw name="Wait Until Element Is Visible" owner="Share">
<arg>${search-input}</arg>
<status status="PASS" start="2025-12-12T16:06:48.630567" elapsed="0.198214"/>
</kw>
<kw name="Input Text" owner="Share">
<msg time="2025-12-12T16:06:48.829790" level="INFO">Typing text 'Ho Chi Minh City' into text field 'xpath=//input[contains(@class, 'search-input')]'.</msg>
<arg>${search-input}</arg>
<arg>${value}</arg>
<doc>Types the given ``text`` into text field identified by ``locator``.</doc>
<status status="PASS" start="2025-12-12T16:06:48.828781" elapsed="0.717247"/>
</kw>
<arg>${value['location']}</arg>
<status status="PASS" start="2025-12-12T16:06:48.626261" elapsed="0.919767"/>
</kw>
<kw name="Select Location From Search Result" owner="actions">
<kw name="Replace String" owner="String">
<msg time="2025-12-12T16:06:49.552791" level="INFO">${locator} = xpath=//div[@class="results-container"]//p[@class="search-bar-result__name" and text()="Ho Chi Minh City"]</msg>
<var>${locator}</var>
<arg>${search-location-result}</arg>
<arg>&lt;&lt;param&gt;&gt;</arg>
<arg>${location}</arg>
<doc>Replaces ``search_for`` in the given ``string`` with ``replace_with``.</doc>
<status status="PASS" start="2025-12-12T16:06:49.550847" elapsed="0.001944"/>
</kw>
<kw name="Wait Until Element Is Visible" owner="Share">
<arg>${locator}</arg>
<status status="PASS" start="2025-12-12T16:06:49.553995" elapsed="0.767566"/>
</kw>
<kw name="Click Element" owner="Share">
<msg time="2025-12-12T16:06:50.322562" level="INFO">Clicking element 'xpath=//div[@class="results-container"]//p[@class="search-bar-result__name" and text()="Ho Chi Minh City"]'.</msg>
<arg>${locator}</arg>
<doc>Click element identified by ``locator``.</doc>
<status status="PASS" start="2025-12-12T16:06:50.322562" elapsed="0.697984"/>
</kw>
<arg>${value['location']}</arg>
<status status="PASS" start="2025-12-12T16:06:49.547309" elapsed="1.473743"/>
</kw>
<arg>${data}</arg>
<status status="PASS" start="2025-12-12T16:06:48.284764" elapsed="2.736288"/>
</kw>
<kw name="Navigation And Select Item In Menu" owner="keywords">
<kw name="Select Item In Navigation Menu" owner="actions">
<kw name="Convert To Lower Case" owner="String">
<msg time="2025-12-12T16:06:51.028120" level="INFO">${item_lower} = daily</msg>
<var>${item_lower}</var>
<arg>${item}</arg>
<doc>Converts string to lower case.</doc>
<status status="PASS" start="2025-12-12T16:06:51.027124" elapsed="0.000996"/>
</kw>
<kw name="Replace String" owner="String">
<msg time="2025-12-12T16:06:51.032174" level="INFO">${locator} = xpath=//a[@data-gaid="daily"]</msg>
<var>${locator}</var>
<arg>${menu-items}</arg>
<arg>&lt;&lt;param&gt;&gt;</arg>
<arg>${item_lower}</arg>
<doc>Replaces ``search_for`` in the given ``string`` with ``replace_with``.</doc>
<status status="PASS" start="2025-12-12T16:06:51.029186" elapsed="0.002988"/>
</kw>
<kw name="Wait Until Element Is Visible" owner="Share">
<arg>${locator}</arg>
<status status="PASS" start="2025-12-12T16:06:51.034255" elapsed="2.985782"/>
</kw>
<kw name="Click Element" owner="Share">
<msg time="2025-12-12T16:06:54.022383" level="INFO">Clicking element 'xpath=//a[@data-gaid="daily"]'.</msg>
<arg>${locator}</arg>
<doc>Click element identified by ``locator``.</doc>
<status status="PASS" start="2025-12-12T16:06:54.021332" elapsed="1.570054"/>
</kw>
<arg>${value['menu-item']}</arg>
<status status="PASS" start="2025-12-12T16:06:51.024130" elapsed="4.567256"/>
</kw>
<arg>${data}</arg>
<status status="PASS" start="2025-12-12T16:06:51.023050" elapsed="4.569632"/>
</kw>
<kw name="Retrieve Link Weather For All Days" owner="actions">
<kw name="Wait Cards Ready" owner="Share">
<arg>${content-module}</arg>
<status status="PASS" start="2025-12-12T16:06:55.596768" elapsed="7.576801"/>
</kw>
<kw name="Create List" owner="BuiltIn">
<msg time="2025-12-12T16:07:03.175688" level="INFO">${weather_data} = []</msg>
<var>${weather_data}</var>
<doc>Returns a list containing given items.</doc>
<status status="PASS" start="2025-12-12T16:07:03.174625" elapsed="0.001063"/>
</kw>
<kw name="Get WebElements" owner="Share">
<msg time="2025-12-12T16:07:03.217662" level="INFO">${days_elements} = [&lt;selenium.webdriver.remote.webelement.WebElement (session="3669a929c7b3ec8828811ad167d3df27", element="f.4CBBF17296D7F9D272718D3DAC18CE0E.d.CD49DB87DEC534089D94FD08D52712CA.e.7670")&gt;, &lt;selenium.webdr...</msg>
<var>${days_elements}</var>
<arg>${content-modules}</arg>
<doc>Returns list of WebElement objects matching the ``locator``.</doc>
<status status="PASS" start="2025-12-12T16:07:03.176740" elapsed="0.040922"/>
</kw>
<for flavor="IN">
<iter>
<kw name="Get Element Attribute" owner="Share">
<msg time="2025-12-12T16:07:03.238055" level="INFO">${day_info} = https://www.accuweather.com/en/vn/ho-chi-minh-city/353981/weather-today/353981</msg>
<var>${day_info}</var>
<arg>${day_element}</arg>
<arg>href</arg>
<doc>Returns value of ``attribute`` from element ``locator``.</doc>
<status status="PASS" start="2025-12-12T16:07:03.219770" elapsed="0.018285"/>
</kw>
<kw name="Append To List" owner="Collections">
<arg>${weather_data}</arg>
<arg>${day_info}</arg>
<doc>Adds ``values`` to the end of ``list``.</doc>
<status status="PASS" start="2025-12-12T16:07:03.239117" elapsed="0.001074"/>
</kw>
<var name="${day_element}">&lt;selenium.webdriver.remote.webelement.WebElement (session="3669a929c7b3ec8828811ad167d3df27", element="f.4CBBF17296D7F9D272718D3DAC18CE0E.d.CD49DB87DEC534089D94FD08D52712CA.e.7670")&gt;</var>
<status status="PASS" start="2025-12-12T16:07:03.218713" elapsed="0.022540"/>
</iter>
<iter>
<kw name="Get Element Attribute" owner="Share">
<msg time="2025-12-12T16:07:03.255774" level="INFO">${day_info} = https://www.accuweather.com/en/vn/ho-chi-minh-city/353981/weather-tomorrow/353981</msg>
<var>${day_info}</var>
<arg>${day_element}</arg>
<arg>href</arg>
<doc>Returns value of ``attribute`` from element ``locator``.</doc>
<status status="PASS" start="2025-12-12T16:07:03.242329" elapsed="0.013445"/>
</kw>
<kw name="Append To List" owner="Collections">
<arg>${weather_data}</arg>
<arg>${day_info}</arg>
<doc>Adds ``values`` to the end of ``list``.</doc>
<status status="PASS" start="2025-12-12T16:07:03.255774" elapsed="0.000998"/>
</kw>
<var name="${day_element}">&lt;selenium.webdriver.remote.webelement.WebElement (session="3669a929c7b3ec8828811ad167d3df27", element="f.4CBBF17296D7F9D272718D3DAC18CE0E.d.CD49DB87DEC534089D94FD08D52712CA.e.7704")&gt;</var>
<status status="PASS" start="2025-12-12T16:07:03.241253" elapsed="0.015519"/>
</iter>
<iter>
<kw name="Get Element Attribute" owner="Share">
<msg time="2025-12-12T16:07:03.269992" level="INFO">${day_info} = https://www.accuweather.com/en/vn/ho-chi-minh-city/353981/daily-weather-forecast/353981?day=3</msg>
<var>${day_info}</var>
<arg>${day_element}</arg>
<arg>href</arg>
<doc>Returns value of ``attribute`` from element ``locator``.</doc>
<status status="PASS" start="2025-12-12T16:07:03.257769" elapsed="0.012223"/>
</kw>
<kw name="Append To List" owner="Collections">
<arg>${weather_data}</arg>
<arg>${day_info}</arg>
<doc>Adds ``values`` to the end of ``list``.</doc>
<status status="PASS" start="2025-12-12T16:07:03.269992" elapsed="0.001060"/>
</kw>
<var name="${day_element}">&lt;selenium.webdriver.remote.webelement.WebElement (session="3669a929c7b3ec8828811ad167d3df27", element="f.4CBBF17296D7F9D272718D3DAC18CE0E.d.CD49DB87DEC534089D94FD08D52712CA.e.7738")&gt;</var>
<status status="PASS" start="2025-12-12T16:07:03.256772" elapsed="0.014280"/>
</iter>
<iter>
<kw name="Get Element Attribute" owner="Share">
<msg time="2025-12-12T16:07:03.284606" level="INFO">${day_info} = https://www.accuweather.com/en/vn/ho-chi-minh-city/353981/daily-weather-forecast/353981?day=4</msg>
<var>${day_info}</var>
<arg>${day_element}</arg>
<arg>href</arg>
<doc>Returns value of ``attribute`` from element ``locator``.</doc>
<status status="PASS" start="2025-12-12T16:07:03.271052" elapsed="0.013554"/>
</kw>
<kw name="Append To List" owner="Collections">
<arg>${weather_data}</arg>
<arg>${day_info}</arg>
<doc>Adds ``values`` to the end of ``list``.</doc>
<status status="PASS" start="2025-12-12T16:07:03.284606" elapsed="0.001021"/>
</kw>
<var name="${day_element}">&lt;selenium.webdriver.remote.webelement.WebElement (session="3669a929c7b3ec8828811ad167d3df27", element="f.4CBBF17296D7F9D272718D3DAC18CE0E.d.CD49DB87DEC534089D94FD08D52712CA.e.7772")&gt;</var>
<status status="PASS" start="2025-12-12T16:07:03.271052" elapsed="0.014575"/>
</iter>
<iter>
<kw name="Get Element Attribute" owner="Share">
<msg time="2025-12-12T16:07:03.298955" level="INFO">${day_info} = https://www.accuweather.com/en/vn/ho-chi-minh-city/353981/daily-weather-forecast/353981?day=5</msg>
<var>${day_info}</var>
<arg>${day_element}</arg>
<arg>href</arg>
<doc>Returns value of ``attribute`` from element ``locator``.</doc>
<status status="PASS" start="2025-12-12T16:07:03.286639" elapsed="0.012316"/>
</kw>
<kw name="Append To List" owner="Collections">
<arg>${weather_data}</arg>
<arg>${day_info}</arg>
<doc>Adds ``values`` to the end of ``list``.</doc>
<status status="PASS" start="2025-12-12T16:07:03.300014" elapsed="0.000000"/>
</kw>
<var name="${day_element}">&lt;selenium.webdriver.remote.webelement.WebElement (session="3669a929c7b3ec8828811ad167d3df27", element="f.4CBBF17296D7F9D272718D3DAC18CE0E.d.CD49DB87DEC534089D94FD08D52712CA.e.7808")&gt;</var>
<status status="PASS" start="2025-12-12T16:07:03.285627" elapsed="0.014387"/>
</iter>
<iter>
<kw name="Get Element Attribute" owner="Share">
<msg time="2025-12-12T16:07:03.314044" level="INFO">${day_info} = https://www.accuweather.com/en/vn/ho-chi-minh-city/353981/daily-weather-forecast/353981?day=6</msg>
<var>${day_info}</var>
<arg>${day_element}</arg>
<arg>href</arg>
<doc>Returns value of ``attribute`` from element ``locator``.</doc>
<status status="PASS" start="2025-12-12T16:07:03.301066" elapsed="0.012978"/>
</kw>
<kw name="Append To List" owner="Collections">
<arg>${weather_data}</arg>
<arg>${day_info}</arg>
<doc>Adds ``values`` to the end of ``list``.</doc>
<status status="PASS" start="2025-12-12T16:07:03.315096" elapsed="0.000000"/>
</kw>
<var name="${day_element}">&lt;selenium.webdriver.remote.webelement.WebElement (session="3669a929c7b3ec8828811ad167d3df27", element="f.4CBBF17296D7F9D272718D3DAC18CE0E.d.CD49DB87DEC534089D94FD08D52712CA.e.7842")&gt;</var>
<status status="PASS" start="2025-12-12T16:07:03.301066" elapsed="0.015134"/>
</iter>
<iter>
<kw name="Get Element Attribute" owner="Share">
<msg time="2025-12-12T16:07:03.333698" level="INFO">${day_info} = https://www.accuweather.com/en/vn/ho-chi-minh-city/353981/daily-weather-forecast/353981?day=7</msg>
<var>${day_info}</var>
<arg>${day_element}</arg>
<arg>href</arg>
<doc>Returns value of ``attribute`` from element ``locator``.</doc>
<status status="PASS" start="2025-12-12T16:07:03.317631" elapsed="0.016067"/>
</kw>
<kw name="Append To List" owner="Collections">
<arg>${weather_data}</arg>
<arg>${day_info}</arg>
<doc>Adds ``values`` to the end of ``list``.</doc>
<status status="PASS" start="2025-12-12T16:07:03.333698" elapsed="0.000996"/>
</kw>
<var name="${day_element}">&lt;selenium.webdriver.remote.webelement.WebElement (session="3669a929c7b3ec8828811ad167d3df27", element="f.4CBBF17296D7F9D272718D3DAC18CE0E.d.CD49DB87DEC534089D94FD08D52712CA.e.7876")&gt;</var>
<status status="PASS" start="2025-12-12T16:07:03.316200" elapsed="0.018494"/>
</iter>
<iter>
<kw name="Get Element Attribute" owner="Share">
<msg time="2025-12-12T16:07:03.346775" level="INFO">${day_info} = https://www.accuweather.com/en/vn/ho-chi-minh-city/353981/daily-weather-forecast/353981?day=8</msg>
<var>${day_info}</var>
<arg>${day_element}</arg>
<arg>href</arg>
<doc>Returns value of ``attribute`` from element ``locator``.</doc>
<status status="PASS" start="2025-12-12T16:07:03.334694" elapsed="0.012081"/>
</kw>
<kw name="Append To List" owner="Collections">
<arg>${weather_data}</arg>
<arg>${day_info}</arg>
<doc>Adds ``values`` to the end of ``list``.</doc>
<status status="PASS" start="2025-12-12T16:07:03.346775" elapsed="0.001057"/>
</kw>
<var name="${day_element}">&lt;selenium.webdriver.remote.webelement.WebElement (session="3669a929c7b3ec8828811ad167d3df27", element="f.4CBBF17296D7F9D272718D3DAC18CE0E.d.CD49DB87DEC534089D94FD08D52712CA.e.6874")&gt;</var>
<status status="PASS" start="2025-12-12T16:07:03.334694" elapsed="0.013138"/>
</iter>
<iter>
<kw name="Get Element Attribute" owner="Share">
<msg time="2025-12-12T16:07:03.361603" level="INFO">${day_info} = https://www.accuweather.com/en/vn/ho-chi-minh-city/353981/daily-weather-forecast/353981?day=9</msg>
<var>${day_info}</var>
<arg>${day_element}</arg>
<arg>href</arg>
<doc>Returns value of ``attribute`` from element ``locator``.</doc>
<status status="PASS" start="2025-12-12T16:07:03.348891" elapsed="0.012712"/>
</kw>
<kw name="Append To List" owner="Collections">
<arg>${weather_data}</arg>
<arg>${day_info}</arg>
<doc>Adds ``values`` to the end of ``list``.</doc>
<status status="PASS" start="2025-12-12T16:07:03.362657" elapsed="0.000000"/>
</kw>
<var name="${day_element}">&lt;selenium.webdriver.remote.webelement.WebElement (session="3669a929c7b3ec8828811ad167d3df27", element="f.4CBBF17296D7F9D272718D3DAC18CE0E.d.CD49DB87DEC534089D94FD08D52712CA.e.7945")&gt;</var>
<status status="PASS" start="2025-12-12T16:07:03.347832" elapsed="0.014825"/>
</iter>
<iter>
<kw name="Get Element Attribute" owner="Share">
<msg time="2025-12-12T16:07:03.376169" level="INFO">${day_info} = https://www.accuweather.com/en/vn/ho-chi-minh-city/353981/daily-weather-forecast/353981?day=10</msg>
<var>${day_info}</var>
<arg>${day_element}</arg>
<arg>href</arg>
<doc>Returns value of ``attribute`` from element ``locator``.</doc>
<status status="PASS" start="2025-12-12T16:07:03.363716" elapsed="0.012453"/>
</kw>
<kw name="Append To List" owner="Collections">
<arg>${weather_data}</arg>
<arg>${day_info}</arg>
<doc>Adds ``values`` to the end of ``list``.</doc>
<status status="PASS" start="2025-12-12T16:07:03.377221" elapsed="0.000000"/>
</kw>
<var name="${day_element}">&lt;selenium.webdriver.remote.webelement.WebElement (session="3669a929c7b3ec8828811ad167d3df27", element="f.4CBBF17296D7F9D272718D3DAC18CE0E.d.CD49DB87DEC534089D94FD08D52712CA.e.7979")&gt;</var>
<status status="PASS" start="2025-12-12T16:07:03.363716" elapsed="0.013505"/>
</iter>
<iter>
<kw name="Get Element Attribute" owner="Share">
<msg time="2025-12-12T16:07:03.391259" level="INFO">${day_info} = https://www.accuweather.com/en/vn/ho-chi-minh-city/353981/daily-weather-forecast/353981?day=11</msg>
<var>${day_info}</var>
<arg>${day_element}</arg>
<arg>href</arg>
<doc>Returns value of ``attribute`` from element ``locator``.</doc>
<status status="PASS" start="2025-12-12T16:07:03.378281" elapsed="0.012978"/>
</kw>
<kw name="Append To List" owner="Collections">
<arg>${weather_data}</arg>
<arg>${day_info}</arg>
<doc>Adds ``values`` to the end of ``list``.</doc>
<status status="PASS" start="2025-12-12T16:07:03.392358" elapsed="0.000000"/>
</kw>
<var name="${day_element}">&lt;selenium.webdriver.remote.webelement.WebElement (session="3669a929c7b3ec8828811ad167d3df27", element="f.4CBBF17296D7F9D272718D3DAC18CE0E.d.CD49DB87DEC534089D94FD08D52712CA.e.8013")&gt;</var>
<status status="PASS" start="2025-12-12T16:07:03.378281" elapsed="0.014077"/>
</iter>
<iter>
<kw name="Get Element Attribute" owner="Share">
<msg time="2025-12-12T16:07:03.406434" level="INFO">${day_info} = https://www.accuweather.com/en/vn/ho-chi-minh-city/353981/daily-weather-forecast/353981?day=12</msg>
<var>${day_info}</var>
<arg>${day_element}</arg>
<arg>href</arg>
<doc>Returns value of ``attribute`` from element ``locator``.</doc>
<status status="PASS" start="2025-12-12T16:07:03.393409" elapsed="0.013025"/>
</kw>
<kw name="Append To List" owner="Collections">
<arg>${weather_data}</arg>
<arg>${day_info}</arg>
<doc>Adds ``values`` to the end of ``list``.</doc>
<status status="PASS" start="2025-12-12T16:07:03.406434" elapsed="0.001056"/>
</kw>
<var name="${day_element}">&lt;selenium.webdriver.remote.webelement.WebElement (session="3669a929c7b3ec8828811ad167d3df27", element="f.4CBBF17296D7F9D272718D3DAC18CE0E.d.CD49DB87DEC534089D94FD08D52712CA.e.8047")&gt;</var>
<status status="PASS" start="2025-12-12T16:07:03.393409" elapsed="0.014081"/>
</iter>
<iter>
<kw name="Get Element Attribute" owner="Share">
<msg time="2025-12-12T16:07:03.420150" level="INFO">${day_info} = https://www.accuweather.com/en/vn/ho-chi-minh-city/353981/daily-weather-forecast/353981?day=13</msg>
<var>${day_info}</var>
<arg>${day_element}</arg>
<arg>href</arg>
<doc>Returns value of ``attribute`` from element ``locator``.</doc>
<status status="PASS" start="2025-12-12T16:07:03.407490" elapsed="0.012660"/>
</kw>
<kw name="Append To List" owner="Collections">
<arg>${weather_data}</arg>
<arg>${day_info}</arg>
<doc>Adds ``values`` to the end of ``list``.</doc>
<status status="PASS" start="2025-12-12T16:07:03.420150" elapsed="0.001060"/>
</kw>
<var name="${day_element}">&lt;selenium.webdriver.remote.webelement.WebElement (session="3669a929c7b3ec8828811ad167d3df27", element="f.4CBBF17296D7F9D272718D3DAC18CE0E.d.CD49DB87DEC534089D94FD08D52712CA.e.8082")&gt;</var>
<status status="PASS" start="2025-12-12T16:07:03.407490" elapsed="0.013720"/>
</iter>
<iter>
<kw name="Get Element Attribute" owner="Share">
<msg time="2025-12-12T16:07:03.433917" level="INFO">${day_info} = https://www.accuweather.com/en/vn/ho-chi-minh-city/353981/daily-weather-forecast/353981?day=14</msg>
<var>${day_info}</var>
<arg>${day_element}</arg>
<arg>href</arg>
<doc>Returns value of ``attribute`` from element ``locator``.</doc>
<status status="PASS" start="2025-12-12T16:07:03.422263" elapsed="0.012666"/>
</kw>
<kw name="Append To List" owner="Collections">
<arg>${weather_data}</arg>
<arg>${day_info}</arg>
<doc>Adds ``values`` to the end of ``list``.</doc>
<status status="PASS" start="2025-12-12T16:07:03.434929" elapsed="0.001051"/>
</kw>
<var name="${day_element}">&lt;selenium.webdriver.remote.webelement.WebElement (session="3669a929c7b3ec8828811ad167d3df27", element="f.4CBBF17296D7F9D272718D3DAC18CE0E.d.CD49DB87DEC534089D94FD08D52712CA.e.8116")&gt;</var>
<status status="PASS" start="2025-12-12T16:07:03.421210" elapsed="0.014770"/>
</iter>
<iter>
<kw name="Get Element Attribute" owner="Share">
<msg time="2025-12-12T16:07:03.447998" level="INFO">${day_info} = https://www.accuweather.com/en/vn/ho-chi-minh-city/353981/daily-weather-forecast/353981?day=15</msg>
<var>${day_info}</var>
<arg>${day_element}</arg>
<arg>href</arg>
<doc>Returns value of ``attribute`` from element ``locator``.</doc>
<status status="PASS" start="2025-12-12T16:07:03.435980" elapsed="0.012018"/>
</kw>
<kw name="Append To List" owner="Collections">
<arg>${weather_data}</arg>
<arg>${day_info}</arg>
<doc>Adds ``values`` to the end of ``list``.</doc>
<status status="PASS" start="2025-12-12T16:07:03.449172" elapsed="0.000000"/>
</kw>
<var name="${day_element}">&lt;selenium.webdriver.remote.webelement.WebElement (session="3669a929c7b3ec8828811ad167d3df27", element="f.4CBBF17296D7F9D272718D3DAC18CE0E.d.CD49DB87DEC534089D94FD08D52712CA.e.8150")&gt;</var>
<status status="PASS" start="2025-12-12T16:07:03.435980" elapsed="0.013192"/>
</iter>
<iter>
<kw name="Get Element Attribute" owner="Share">
<msg time="2025-12-12T16:07:03.462758" level="INFO">${day_info} = https://www.accuweather.com/en/vn/ho-chi-minh-city/353981/daily-weather-forecast/353981?day=16</msg>
<var>${day_info}</var>
<arg>${day_element}</arg>
<arg>href</arg>
<doc>Returns value of ``attribute`` from element ``locator``.</doc>
<status status="PASS" start="2025-12-12T16:07:03.450271" elapsed="0.012487"/>
</kw>
<kw name="Append To List" owner="Collections">
<arg>${weather_data}</arg>
<arg>${day_info}</arg>
<doc>Adds ``values`` to the end of ``list``.</doc>
<status status="PASS" start="2025-12-12T16:07:03.462758" elapsed="0.000996"/>
</kw>
<var name="${day_element}">&lt;selenium.webdriver.remote.webelement.WebElement (session="3669a929c7b3ec8828811ad167d3df27", element="f.4CBBF17296D7F9D272718D3DAC18CE0E.d.CD49DB87DEC534089D94FD08D52712CA.e.8184")&gt;</var>
<status status="PASS" start="2025-12-12T16:07:03.450271" elapsed="0.013483"/>
</iter>
<iter>
<kw name="Get Element Attribute" owner="Share">
<msg time="2025-12-12T16:07:03.477423" level="INFO">${day_info} = https://www.accuweather.com/en/vn/ho-chi-minh-city/353981/daily-weather-forecast/353981?day=17</msg>
<var>${day_info}</var>
<arg>${day_element}</arg>
<arg>href</arg>
<doc>Returns value of ``attribute`` from element ``locator``.</doc>
<status status="PASS" start="2025-12-12T16:07:03.464770" elapsed="0.012653"/>
</kw>
<kw name="Append To List" owner="Collections">
<arg>${weather_data}</arg>
<arg>${day_info}</arg>
<doc>Adds ``values`` to the end of ``list``.</doc>
<status status="PASS" start="2025-12-12T16:07:03.478483" elapsed="0.000000"/>
</kw>
<var name="${day_element}">&lt;selenium.webdriver.remote.webelement.WebElement (session="3669a929c7b3ec8828811ad167d3df27", element="f.4CBBF17296D7F9D272718D3DAC18CE0E.d.CD49DB87DEC534089D94FD08D52712CA.e.8219")&gt;</var>
<status status="PASS" start="2025-12-12T16:07:03.464770" elapsed="0.013713"/>
</iter>
<iter>
<kw name="Get Element Attribute" owner="Share">
<msg time="2025-12-12T16:07:03.492396" level="INFO">${day_info} = https://www.accuweather.com/en/vn/ho-chi-minh-city/353981/daily-weather-forecast/353981?day=18</msg>
<var>${day_info}</var>
<arg>${day_element}</arg>
<arg>href</arg>
<doc>Returns value of ``attribute`` from element ``locator``.</doc>
<status status="PASS" start="2025-12-12T16:07:03.479837" elapsed="0.012559"/>
</kw>
<kw name="Append To List" owner="Collections">
<arg>${weather_data}</arg>
<arg>${day_info}</arg>
<doc>Adds ``values`` to the end of ``list``.</doc>
<status status="PASS" start="2025-12-12T16:07:03.492396" elapsed="0.001095"/>
</kw>
<var name="${day_element}">&lt;selenium.webdriver.remote.webelement.WebElement (session="3669a929c7b3ec8828811ad167d3df27", element="f.4CBBF17296D7F9D272718D3DAC18CE0E.d.CD49DB87DEC534089D94FD08D52712CA.e.8251")&gt;</var>
<status status="PASS" start="2025-12-12T16:07:03.479837" elapsed="0.013654"/>
</iter>
<iter>
<kw name="Get Element Attribute" owner="Share">
<msg time="2025-12-12T16:07:03.506188" level="INFO">${day_info} = https://www.accuweather.com/en/vn/ho-chi-minh-city/353981/daily-weather-forecast/353981?day=19</msg>
<var>${day_info}</var>
<arg>${day_element}</arg>
<arg>href</arg>
<doc>Returns value of ``attribute`` from element ``locator``.</doc>
<status status="PASS" start="2025-12-12T16:07:03.494220" elapsed="0.011968"/>
</kw>
<kw name="Append To List" owner="Collections">
<arg>${weather_data}</arg>
<arg>${day_info}</arg>
<doc>Adds ``values`` to the end of ``list``.</doc>
<status status="PASS" start="2025-12-12T16:07:03.507240" elapsed="0.000000"/>
</kw>
<var name="${day_element}">&lt;selenium.webdriver.remote.webelement.WebElement (session="3669a929c7b3ec8828811ad167d3df27", element="f.4CBBF17296D7F9D272718D3DAC18CE0E.d.CD49DB87DEC534089D94FD08D52712CA.e.8285")&gt;</var>
<status status="PASS" start="2025-12-12T16:07:03.494220" elapsed="0.013020"/>
</iter>
<iter>
<kw name="Get Element Attribute" owner="Share">
<msg time="2025-12-12T16:07:03.520992" level="INFO">${day_info} = https://www.accuweather.com/en/vn/ho-chi-minh-city/353981/daily-weather-forecast/353981?day=20</msg>
<var>${day_info}</var>
<arg>${day_element}</arg>
<arg>href</arg>
<doc>Returns value of ``attribute`` from element ``locator``.</doc>
<status status="PASS" start="2025-12-12T16:07:03.508301" elapsed="0.012691"/>
</kw>
<kw name="Append To List" owner="Collections">
<arg>${weather_data}</arg>
<arg>${day_info}</arg>
<doc>Adds ``values`` to the end of ``list``.</doc>
<status status="PASS" start="2025-12-12T16:07:03.522044" elapsed="0.000000"/>
</kw>
<var name="${day_element}">&lt;selenium.webdriver.remote.webelement.WebElement (session="3669a929c7b3ec8828811ad167d3df27", element="f.4CBBF17296D7F9D272718D3DAC18CE0E.d.CD49DB87DEC534089D94FD08D52712CA.e.8319")&gt;</var>
<status status="PASS" start="2025-12-12T16:07:03.508301" elapsed="0.013743"/>
</iter>
<iter>
<kw name="Get Element Attribute" owner="Share">
<msg time="2025-12-12T16:07:03.536463" level="INFO">${day_info} = https://www.accuweather.com/en/vn/ho-chi-minh-city/353981/daily-weather-forecast/353981?day=21</msg>
<var>${day_info}</var>
<arg>${day_element}</arg>
<arg>href</arg>
<doc>Returns value of ``attribute`` from element ``locator``.</doc>
<status status="PASS" start="2025-12-12T16:07:03.523104" elapsed="0.013359"/>
</kw>
<kw name="Append To List" owner="Collections">
<arg>${weather_data}</arg>
<arg>${day_info}</arg>
<doc>Adds ``values`` to the end of ``list``.</doc>
<status status="PASS" start="2025-12-12T16:07:03.536463" elapsed="0.000998"/>
</kw>
<var name="${day_element}">&lt;selenium.webdriver.remote.webelement.WebElement (session="3669a929c7b3ec8828811ad167d3df27", element="f.4CBBF17296D7F9D272718D3DAC18CE0E.d.CD49DB87DEC534089D94FD08D52712CA.e.8352")&gt;</var>
<status status="PASS" start="2025-12-12T16:07:03.523104" elapsed="0.014357"/>
</iter>
<iter>
<kw name="Get Element Attribute" owner="Share">
<msg time="2025-12-12T16:07:03.551013" level="INFO">${day_info} = https://www.accuweather.com/en/vn/ho-chi-minh-city/353981/daily-weather-forecast/353981?day=22</msg>
<var>${day_info}</var>
<arg>${day_element}</arg>
<arg>href</arg>
<doc>Returns value of ``attribute`` from element ``locator``.</doc>
<status status="PASS" start="2025-12-12T16:07:03.537461" elapsed="0.013552"/>
</kw>
<kw name="Append To List" owner="Collections">
<arg>${weather_data}</arg>
<arg>${day_info}</arg>
<doc>Adds ``values`` to the end of ``list``.</doc>
<status status="PASS" start="2025-12-12T16:07:03.552005" elapsed="0.000000"/>
</kw>
<var name="${day_element}">&lt;selenium.webdriver.remote.webelement.WebElement (session="3669a929c7b3ec8828811ad167d3df27", element="f.4CBBF17296D7F9D272718D3DAC18CE0E.d.CD49DB87DEC534089D94FD08D52712CA.e.8384")&gt;</var>
<status status="PASS" start="2025-12-12T16:07:03.537461" elapsed="0.014544"/>
</iter>
<iter>
<kw name="Get Element Attribute" owner="Share">
<msg time="2025-12-12T16:07:03.566167" level="INFO">${day_info} = https://www.accuweather.com/en/vn/ho-chi-minh-city/353981/daily-weather-forecast/353981?day=23</msg>
<var>${day_info}</var>
<arg>${day_element}</arg>
<arg>href</arg>
<doc>Returns value of ``attribute`` from element ``locator``.</doc>
<status status="PASS" start="2025-12-12T16:07:03.553091" elapsed="0.013076"/>
</kw>
<kw name="Append To List" owner="Collections">
<arg>${weather_data}</arg>
<arg>${day_info}</arg>
<doc>Adds ``values`` to the end of ``list``.</doc>
<status status="PASS" start="2025-12-12T16:07:03.567209" elapsed="0.000000"/>
</kw>
<var name="${day_element}">&lt;selenium.webdriver.remote.webelement.WebElement (session="3669a929c7b3ec8828811ad167d3df27", element="f.4CBBF17296D7F9D272718D3DAC18CE0E.d.CD49DB87DEC534089D94FD08D52712CA.e.8416")&gt;</var>
<status status="PASS" start="2025-12-12T16:07:03.553091" elapsed="0.014118"/>
</iter>
<iter>
<kw name="Get Element Attribute" owner="Share">
<msg time="2025-12-12T16:07:03.579600" level="INFO">${day_info} = https://www.accuweather.com/en/vn/ho-chi-minh-city/353981/daily-weather-forecast/353981?day=24</msg>
<var>${day_info}</var>
<arg>${day_element}</arg>
<arg>href</arg>
<doc>Returns value of ``attribute`` from element ``locator``.</doc>
<status status="PASS" start="2025-12-12T16:07:03.568226" elapsed="0.011374"/>
</kw>
<kw name="Append To List" owner="Collections">
<arg>${weather_data}</arg>
<arg>${day_info}</arg>
<doc>Adds ``values`` to the end of ``list``.</doc>
<status status="PASS" start="2025-12-12T16:07:03.580601" elapsed="0.000000"/>
</kw>
<var name="${day_element}">&lt;selenium.webdriver.remote.webelement.WebElement (session="3669a929c7b3ec8828811ad167d3df27", element="f.4CBBF17296D7F9D272718D3DAC18CE0E.d.CD49DB87DEC534089D94FD08D52712CA.e.8448")&gt;</var>
<status status="PASS" start="2025-12-12T16:07:03.568226" elapsed="0.012375"/>
</iter>
<iter>
<kw name="Get Element Attribute" owner="Share">
<msg time="2025-12-12T16:07:03.590020" level="INFO">${day_info} = https://www.accuweather.com/en/vn/ho-chi-minh-city/353981/daily-weather-forecast/353981?day=25</msg>
<var>${day_info}</var>
<arg>${day_element}</arg>
<arg>href</arg>
<doc>Returns value of ``attribute`` from element ``locator``.</doc>
<status status="PASS" start="2025-12-12T16:07:03.581600" elapsed="0.008420"/>
</kw>
<kw name="Append To List" owner="Collections">
<arg>${weather_data}</arg>
<arg>${day_info}</arg>
<doc>Adds ``values`` to the end of ``list``.</doc>
<status status="PASS" start="2025-12-12T16:07:03.590020" elapsed="0.001051"/>
</kw>
<var name="${day_element}">&lt;selenium.webdriver.remote.webelement.WebElement (session="3669a929c7b3ec8828811ad167d3df27", element="f.4CBBF17296D7F9D272718D3DAC18CE0E.d.CD49DB87DEC534089D94FD08D52712CA.e.8481")&gt;</var>
<status status="PASS" start="2025-12-12T16:07:03.581600" elapsed="0.009471"/>
</iter>
<iter>
<kw name="Get Element Attribute" owner="Share">
<msg time="2025-12-12T16:07:03.603962" level="INFO">${day_info} = https://www.accuweather.com/en/vn/ho-chi-minh-city/353981/daily-weather-forecast/353981?day=26</msg>
<var>${day_info}</var>
<arg>${day_element}</arg>
<arg>href</arg>
<doc>Returns value of ``attribute`` from element ``locator``.</doc>
<status status="PASS" start="2025-12-12T16:07:03.592131" elapsed="0.012828"/>
</kw>
<kw name="Append To List" owner="Collections">
<arg>${weather_data}</arg>
<arg>${day_info}</arg>
<doc>Adds ``values`` to the end of ``list``.</doc>
<status status="PASS" start="2025-12-12T16:07:03.604959" elapsed="0.000997"/>
</kw>
<var name="${day_element}">&lt;selenium.webdriver.remote.webelement.WebElement (session="3669a929c7b3ec8828811ad167d3df27", element="f.4CBBF17296D7F9D272718D3DAC18CE0E.d.CD49DB87DEC534089D94FD08D52712CA.e.8513")&gt;</var>
<status status="PASS" start="2025-12-12T16:07:03.591071" elapsed="0.014885"/>
</iter>
<iter>
<kw name="Get Element Attribute" owner="Share">
<msg time="2025-12-12T16:07:03.619103" level="INFO">${day_info} = https://www.accuweather.com/en/vn/ho-chi-minh-city/353981/daily-weather-forecast/353981?day=27</msg>
<var>${day_info}</var>
<arg>${day_element}</arg>
<arg>href</arg>
<doc>Returns value of ``attribute`` from element ``locator``.</doc>
<status status="PASS" start="2025-12-12T16:07:03.605956" elapsed="0.013147"/>
</kw>
<kw name="Append To List" owner="Collections">
<arg>${weather_data}</arg>
<arg>${day_info}</arg>
<doc>Adds ``values`` to the end of ``list``.</doc>
<status status="PASS" start="2025-12-12T16:07:03.619103" elapsed="0.000000"/>
</kw>
<var name="${day_element}">&lt;selenium.webdriver.remote.webelement.WebElement (session="3669a929c7b3ec8828811ad167d3df27", element="f.4CBBF17296D7F9D272718D3DAC18CE0E.d.CD49DB87DEC534089D94FD08D52712CA.e.8545")&gt;</var>
<status status="PASS" start="2025-12-12T16:07:03.605956" elapsed="0.013147"/>
</iter>
<iter>
<kw name="Get Element Attribute" owner="Share">
<msg time="2025-12-12T16:07:03.628653" level="INFO">${day_info} = https://www.accuweather.com/en/vn/ho-chi-minh-city/353981/daily-weather-forecast/353981?day=28</msg>
<var>${day_info}</var>
<arg>${day_element}</arg>
<arg>href</arg>
<doc>Returns value of ``attribute`` from element ``locator``.</doc>
<status status="PASS" start="2025-12-12T16:07:03.620294" elapsed="0.008359"/>
</kw>
<kw name="Append To List" owner="Collections">
<arg>${weather_data}</arg>
<arg>${day_info}</arg>
<doc>Adds ``values`` to the end of ``list``.</doc>
<status status="PASS" start="2025-12-12T16:07:03.628653" elapsed="0.000000"/>
</kw>
<var name="${day_element}">&lt;selenium.webdriver.remote.webelement.WebElement (session="3669a929c7b3ec8828811ad167d3df27", element="f.4CBBF17296D7F9D272718D3DAC18CE0E.d.CD49DB87DEC534089D94FD08D52712CA.e.8577")&gt;</var>
<status status="PASS" start="2025-12-12T16:07:03.620294" elapsed="0.008359"/>
</iter>
<iter>
<kw name="Get Element Attribute" owner="Share">
<msg time="2025-12-12T16:07:03.639996" level="INFO">${day_info} = https://www.accuweather.com/en/vn/ho-chi-minh-city/353981/daily-weather-forecast/353981?day=29</msg>
<var>${day_info}</var>
<arg>${day_element}</arg>
<arg>href</arg>
<doc>Returns value of ``attribute`` from element ``locator``.</doc>
<status status="PASS" start="2025-12-12T16:07:03.630206" elapsed="0.009790"/>
</kw>
<kw name="Append To List" owner="Collections">
<arg>${weather_data}</arg>
<arg>${day_info}</arg>
<doc>Adds ``values`` to the end of ``list``.</doc>
<status status="PASS" start="2025-12-12T16:07:03.641050" elapsed="0.000000"/>
</kw>
<var name="${day_element}">&lt;selenium.webdriver.remote.webelement.WebElement (session="3669a929c7b3ec8828811ad167d3df27", element="f.4CBBF17296D7F9D272718D3DAC18CE0E.d.CD49DB87DEC534089D94FD08D52712CA.e.8612")&gt;</var>
<status status="PASS" start="2025-12-12T16:07:03.630206" elapsed="0.011904"/>
</iter>
<iter>
<kw name="Get Element Attribute" owner="Share">
<msg time="2025-12-12T16:07:03.654356" level="INFO">${day_info} = https://www.accuweather.com/en/vn/ho-chi-minh-city/353981/daily-weather-forecast/353981?day=30</msg>
<var>${day_info}</var>
<arg>${day_element}</arg>
<arg>href</arg>
<doc>Returns value of ``attribute`` from element ``locator``.</doc>
<status status="PASS" start="2025-12-12T16:07:03.642110" elapsed="0.013300"/>
</kw>
<kw name="Append To List" owner="Collections">
<arg>${weather_data}</arg>
<arg>${day_info}</arg>
<doc>Adds ``values`` to the end of ``list``.</doc>
<status status="PASS" start="2025-12-12T16:07:03.655410" elapsed="0.001060"/>
</kw>
<var name="${day_element}">&lt;selenium.webdriver.remote.webelement.WebElement (session="3669a929c7b3ec8828811ad167d3df27", element="f.4CBBF17296D7F9D272718D3DAC18CE0E.d.CD49DB87DEC534089D94FD08D52712CA.e.8646")&gt;</var>
<status status="PASS" start="2025-12-12T16:07:03.642110" elapsed="0.014360"/>
</iter>
<iter>
<kw name="Get Element Attribute" owner="Share">
<msg time="2025-12-12T16:07:03.670631" level="INFO">${day_info} = https://www.accuweather.com/en/vn/ho-chi-minh-city/353981/daily-weather-forecast/353981?day=31</msg>
<var>${day_info}</var>
<arg>${day_element}</arg>
<arg>href</arg>
<doc>Returns value of ``attribute`` from element ``locator``.</doc>
<status status="PASS" start="2025-12-12T16:07:03.656470" elapsed="0.014161"/>
</kw>
<kw name="Append To List" owner="Collections">
<arg>${weather_data}</arg>
<arg>${day_info}</arg>
<doc>Adds ``values`` to the end of ``list``.</doc>
<status status="PASS" start="2025-12-12T16:07:03.671137" elapsed="0.000000"/>
</kw>
<var name="${day_element}">&lt;selenium.webdriver.remote.webelement.WebElement (session="3669a929c7b3ec8828811ad167d3df27", element="f.4CBBF17296D7F9D272718D3DAC18CE0E.d.CD49DB87DEC534089D94FD08D52712CA.e.8678")&gt;</var>
<status status="PASS" start="2025-12-12T16:07:03.656470" elapsed="0.014667"/>
</iter>
<iter>
<kw name="Get Element Attribute" owner="Share">
<msg time="2025-12-12T16:07:03.686407" level="INFO">${day_info} = https://www.accuweather.com/en/vn/ho-chi-minh-city/353981/daily-weather-forecast/353981?day=32</msg>
<var>${day_info}</var>
<arg>${day_element}</arg>
<arg>href</arg>
<doc>Returns value of ``attribute`` from element ``locator``.</doc>
<status status="PASS" start="2025-12-12T16:07:03.672630" elapsed="0.013777"/>
</kw>
<kw name="Append To List" owner="Collections">
<arg>${weather_data}</arg>
<arg>${day_info}</arg>
<doc>Adds ``values`` to the end of ``list``.</doc>
<status status="PASS" start="2025-12-12T16:07:03.686407" elapsed="0.000997"/>
</kw>
<var name="${day_element}">&lt;selenium.webdriver.remote.webelement.WebElement (session="3669a929c7b3ec8828811ad167d3df27", element="f.4CBBF17296D7F9D272718D3DAC18CE0E.d.CD49DB87DEC534089D94FD08D52712CA.e.8710")&gt;</var>
<status status="PASS" start="2025-12-12T16:07:03.672630" elapsed="0.014774"/>
</iter>
<iter>
<kw name="Get Element Attribute" owner="Share">
<msg time="2025-12-12T16:07:03.702604" level="INFO">${day_info} = https://www.accuweather.com/en/vn/ho-chi-minh-city/353981/daily-weather-forecast/353981?day=33</msg>
<var>${day_info}</var>
<arg>${day_element}</arg>
<arg>href</arg>
<doc>Returns value of ``attribute`` from element ``locator``.</doc>
<status status="PASS" start="2025-12-12T16:07:03.688401" elapsed="0.014203"/>
</kw>
<kw name="Append To List" owner="Collections">
<arg>${weather_data}</arg>
<arg>${day_info}</arg>
<doc>Adds ``values`` to the end of ``list``.</doc>
<status status="PASS" start="2025-12-12T16:07:03.702604" elapsed="0.001309"/>
</kw>
<var name="${day_element}">&lt;selenium.webdriver.remote.webelement.WebElement (session="3669a929c7b3ec8828811ad167d3df27", element="f.4CBBF17296D7F9D272718D3DAC18CE0E.d.CD49DB87DEC534089D94FD08D52712CA.e.8743")&gt;</var>
<status status="PASS" start="2025-12-12T16:07:03.688401" elapsed="0.015512"/>
</iter>
<iter>
<kw name="Get Element Attribute" owner="Share">
<msg time="2025-12-12T16:07:03.717739" level="INFO">${day_info} = https://www.accuweather.com/en/vn/ho-chi-minh-city/353981/daily-weather-forecast/353981?day=34</msg>
<var>${day_info}</var>
<arg>${day_element}</arg>
<arg>href</arg>
<doc>Returns value of ``attribute`` from element ``locator``.</doc>
<status status="PASS" start="2025-12-12T16:07:03.705066" elapsed="0.012673"/>
</kw>
<kw name="Append To List" owner="Collections">
<arg>${weather_data}</arg>
<arg>${day_info}</arg>
<doc>Adds ``values`` to the end of ``list``.</doc>
<status status="PASS" start="2025-12-12T16:07:03.717739" elapsed="0.001058"/>
</kw>
<var name="${day_element}">&lt;selenium.webdriver.remote.webelement.WebElement (session="3669a929c7b3ec8828811ad167d3df27", element="f.4CBBF17296D7F9D272718D3DAC18CE0E.d.CD49DB87DEC534089D94FD08D52712CA.e.8775")&gt;</var>
<status status="PASS" start="2025-12-12T16:07:03.703913" elapsed="0.014884"/>
</iter>
<iter>
<kw name="Get Element Attribute" owner="Share">
<msg time="2025-12-12T16:07:03.732780" level="INFO">${day_info} = https://www.accuweather.com/en/vn/ho-chi-minh-city/353981/daily-weather-forecast/353981?day=35</msg>
<var>${day_info}</var>
<arg>${day_element}</arg>
<arg>href</arg>
<doc>Returns value of ``attribute`` from element ``locator``.</doc>
<status status="PASS" start="2025-12-12T16:07:03.718797" elapsed="0.013983"/>
</kw>
<kw name="Append To List" owner="Collections">
<arg>${weather_data}</arg>
<arg>${day_info}</arg>
<doc>Adds ``values`` to the end of ``list``.</doc>
<status status="PASS" start="2025-12-12T16:07:03.732780" elapsed="0.001059"/>
</kw>
<var name="${day_element}">&lt;selenium.webdriver.remote.webelement.WebElement (session="3669a929c7b3ec8828811ad167d3df27", element="f.4CBBF17296D7F9D272718D3DAC18CE0E.d.CD49DB87DEC534089D94FD08D52712CA.e.8848")&gt;</var>
<status status="PASS" start="2025-12-12T16:07:03.718797" elapsed="0.015042"/>
</iter>
<iter>
<kw name="Get Element Attribute" owner="Share">
<msg time="2025-12-12T16:07:03.746600" level="INFO">${day_info} = https://www.accuweather.com/en/vn/ho-chi-minh-city/353981/daily-weather-forecast/353981?day=36</msg>
<var>${day_info}</var>
<arg>${day_element}</arg>
<arg>href</arg>
<doc>Returns value of ``attribute`` from element ``locator``.</doc>
<status status="PASS" start="2025-12-12T16:07:03.733839" elapsed="0.012761"/>
</kw>
<kw name="Append To List" owner="Collections">
<arg>${weather_data}</arg>
<arg>${day_info}</arg>
<doc>Adds ``values`` to the end of ``list``.</doc>
<status status="PASS" start="2025-12-12T16:07:03.747655" elapsed="0.000000"/>
</kw>
<var name="${day_element}">&lt;selenium.webdriver.remote.webelement.WebElement (session="3669a929c7b3ec8828811ad167d3df27", element="f.4CBBF17296D7F9D272718D3DAC18CE0E.d.CD49DB87DEC534089D94FD08D52712CA.e.8879")&gt;</var>
<status status="PASS" start="2025-12-12T16:07:03.733839" elapsed="0.014877"/>
</iter>
<iter>
<kw name="Get Element Attribute" owner="Share">
<msg time="2025-12-12T16:07:03.761571" level="INFO">${day_info} = https://www.accuweather.com/en/vn/ho-chi-minh-city/353981/daily-weather-forecast/353981?day=37</msg>
<var>${day_info}</var>
<arg>${day_element}</arg>
<arg>href</arg>
<doc>Returns value of ``attribute`` from element ``locator``.</doc>
<status status="PASS" start="2025-12-12T16:07:03.748716" elapsed="0.012855"/>
</kw>
<kw name="Append To List" owner="Collections">
<arg>${weather_data}</arg>
<arg>${day_info}</arg>
<doc>Adds ``values`` to the end of ``list``.</doc>
<status status="PASS" start="2025-12-12T16:07:03.761571" elapsed="0.001052"/>
</kw>
<var name="${day_element}">&lt;selenium.webdriver.remote.webelement.WebElement (session="3669a929c7b3ec8828811ad167d3df27", element="f.4CBBF17296D7F9D272718D3DAC18CE0E.d.CD49DB87DEC534089D94FD08D52712CA.e.8911")&gt;</var>
<status status="PASS" start="2025-12-12T16:07:03.748716" elapsed="0.013907"/>
</iter>
<iter>
<kw name="Get Element Attribute" owner="Share">
<msg time="2025-12-12T16:07:03.775864" level="INFO">${day_info} = https://www.accuweather.com/en/vn/ho-chi-minh-city/353981/daily-weather-forecast/353981?day=38</msg>
<var>${day_info}</var>
<arg>${day_element}</arg>
<arg>href</arg>
<doc>Returns value of ``attribute`` from element ``locator``.</doc>
<status status="PASS" start="2025-12-12T16:07:03.763686" elapsed="0.012178"/>
</kw>
<kw name="Append To List" owner="Collections">
<arg>${weather_data}</arg>
<arg>${day_info}</arg>
<doc>Adds ``values`` to the end of ``list``.</doc>
<status status="PASS" start="2025-12-12T16:07:03.777038" elapsed="0.000000"/>
</kw>
<var name="${day_element}">&lt;selenium.webdriver.remote.webelement.WebElement (session="3669a929c7b3ec8828811ad167d3df27", element="f.4CBBF17296D7F9D272718D3DAC18CE0E.d.CD49DB87DEC534089D94FD08D52712CA.e.8942")&gt;</var>
<status status="PASS" start="2025-12-12T16:07:03.762623" elapsed="0.014415"/>
</iter>
<iter>
<kw name="Get Element Attribute" owner="Share">
<msg time="2025-12-12T16:07:03.791001" level="INFO">${day_info} = https://www.accuweather.com/en/vn/ho-chi-minh-city/353981/daily-weather-forecast/353981?day=39</msg>
<var>${day_info}</var>
<arg>${day_element}</arg>
<arg>href</arg>
<doc>Returns value of ``attribute`` from element ``locator``.</doc>
<status status="PASS" start="2025-12-12T16:07:03.778266" elapsed="0.012735"/>
</kw>
<kw name="Append To List" owner="Collections">
<arg>${weather_data}</arg>
<arg>${day_info}</arg>
<doc>Adds ``values`` to the end of ``list``.</doc>
<status status="PASS" start="2025-12-12T16:07:03.791001" elapsed="0.001058"/>
</kw>
<var name="${day_element}">&lt;selenium.webdriver.remote.webelement.WebElement (session="3669a929c7b3ec8828811ad167d3df27", element="f.4CBBF17296D7F9D272718D3DAC18CE0E.d.CD49DB87DEC534089D94FD08D52712CA.e.8973")&gt;</var>
<status status="PASS" start="2025-12-12T16:07:03.778266" elapsed="0.013793"/>
</iter>
<iter>
<kw name="Get Element Attribute" owner="Share">
<msg time="2025-12-12T16:07:03.805496" level="INFO">${day_info} = https://www.accuweather.com/en/vn/ho-chi-minh-city/353981/daily-weather-forecast/353981?day=40</msg>
<var>${day_info}</var>
<arg>${day_element}</arg>
<arg>href</arg>
<doc>Returns value of ``attribute`` from element ``locator``.</doc>
<status status="PASS" start="2025-12-12T16:07:03.793121" elapsed="0.012375"/>
</kw>
<kw name="Append To List" owner="Collections">
<arg>${weather_data}</arg>
<arg>${day_info}</arg>
<doc>Adds ``values`` to the end of ``list``.</doc>
<status status="PASS" start="2025-12-12T16:07:03.805496" elapsed="0.000998"/>
</kw>
<var name="${day_element}">&lt;selenium.webdriver.remote.webelement.WebElement (session="3669a929c7b3ec8828811ad167d3df27", element="f.4CBBF17296D7F9D272718D3DAC18CE0E.d.CD49DB87DEC534089D94FD08D52712CA.e.9006")&gt;</var>
<status status="PASS" start="2025-12-12T16:07:03.792059" elapsed="0.014435"/>
</iter>
<iter>
<kw name="Get Element Attribute" owner="Share">
<msg time="2025-12-12T16:07:03.820226" level="INFO">${day_info} = https://www.accuweather.com/en/vn/ho-chi-minh-city/353981/daily-weather-forecast/353981?day=41</msg>
<var>${day_info}</var>
<arg>${day_element}</arg>
<arg>href</arg>
<doc>Returns value of ``attribute`` from element ``locator``.</doc>
<status status="PASS" start="2025-12-12T16:07:03.807491" elapsed="0.012735"/>
</kw>
<kw name="Append To List" owner="Collections">
<arg>${weather_data}</arg>
<arg>${day_info}</arg>
<doc>Adds ``values`` to the end of ``list``.</doc>
<status status="PASS" start="2025-12-12T16:07:03.820226" elapsed="0.001055"/>
</kw>
<var name="${day_element}">&lt;selenium.webdriver.remote.webelement.WebElement (session="3669a929c7b3ec8828811ad167d3df27", element="f.4CBBF17296D7F9D272718D3DAC18CE0E.d.CD49DB87DEC534089D94FD08D52712CA.e.9038")&gt;</var>
<status status="PASS" start="2025-12-12T16:07:03.806494" elapsed="0.014787"/>
</iter>
<iter>
<kw name="Get Element Attribute" owner="Share">
<msg time="2025-12-12T16:07:03.834163" level="INFO">${day_info} = https://www.accuweather.com/en/vn/ho-chi-minh-city/353981/daily-weather-forecast/353981?day=42</msg>
<var>${day_info}</var>
<arg>${day_element}</arg>
<arg>href</arg>
<doc>Returns value of ``attribute`` from element ``locator``.</doc>
<status status="PASS" start="2025-12-12T16:07:03.821281" elapsed="0.012882"/>
</kw>
<kw name="Append To List" owner="Collections">
<arg>${weather_data}</arg>
<arg>${day_info}</arg>
<doc>Adds ``values`` to the end of ``list``.</doc>
<status status="PASS" start="2025-12-12T16:07:03.835210" elapsed="0.000000"/>
</kw>
<var name="${day_element}">&lt;selenium.webdriver.remote.webelement.WebElement (session="3669a929c7b3ec8828811ad167d3df27", element="f.4CBBF17296D7F9D272718D3DAC18CE0E.d.CD49DB87DEC534089D94FD08D52712CA.e.9069")&gt;</var>
<status status="PASS" start="2025-12-12T16:07:03.821281" elapsed="0.013929"/>
</iter>
<iter>
<kw name="Get Element Attribute" owner="Share">
<msg time="2025-12-12T16:07:03.848648" level="INFO">${day_info} = https://www.accuweather.com/en/vn/ho-chi-minh-city/353981/daily-weather-forecast/353981?day=43</msg>
<var>${day_info}</var>
<arg>${day_element}</arg>
<arg>href</arg>
<doc>Returns value of ``attribute`` from element ``locator``.</doc>
<status status="PASS" start="2025-12-12T16:07:03.836305" elapsed="0.012343"/>
</kw>
<kw name="Append To List" owner="Collections">
<arg>${weather_data}</arg>
<arg>${day_info}</arg>
<doc>Adds ``values`` to the end of ``list``.</doc>
<status status="PASS" start="2025-12-12T16:07:03.849675" elapsed="0.000000"/>
</kw>
<var name="${day_element}">&lt;selenium.webdriver.remote.webelement.WebElement (session="3669a929c7b3ec8828811ad167d3df27", element="f.4CBBF17296D7F9D272718D3DAC18CE0E.d.CD49DB87DEC534089D94FD08D52712CA.e.9100")&gt;</var>
<status status="PASS" start="2025-12-12T16:07:03.836305" elapsed="0.014367"/>
</iter>
<iter>
<kw name="Get Element Attribute" owner="Share">
<msg time="2025-12-12T16:07:03.863897" level="INFO">${day_info} = https://www.accuweather.com/en/vn/ho-chi-minh-city/353981/daily-weather-forecast/353981?day=44</msg>
<var>${day_info}</var>
<arg>${day_element}</arg>
<arg>href</arg>
<doc>Returns value of ``attribute`` from element ``locator``.</doc>
<status status="PASS" start="2025-12-12T16:07:03.850672" elapsed="0.013225"/>
</kw>
<kw name="Append To List" owner="Collections">
<arg>${weather_data}</arg>
<arg>${day_info}</arg>
<doc>Adds ``values`` to the end of ``list``.</doc>
<status status="PASS" start="2025-12-12T16:07:03.863897" elapsed="0.001061"/>
</kw>
<var name="${day_element}">&lt;selenium.webdriver.remote.webelement.WebElement (session="3669a929c7b3ec8828811ad167d3df27", element="f.4CBBF17296D7F9D272718D3DAC18CE0E.d.CD49DB87DEC534089D94FD08D52712CA.e.9133")&gt;</var>
<status status="PASS" start="2025-12-12T16:07:03.850672" elapsed="0.014286"/>
</iter>
<iter>
<kw name="Get Element Attribute" owner="Share">
<msg time="2025-12-12T16:07:03.877696" level="INFO">${day_info} = https://www.accuweather.com/en/vn/ho-chi-minh-city/353981/daily-weather-forecast/353981?day=45</msg>
<var>${day_info}</var>
<arg>${day_element}</arg>
<arg>href</arg>
<doc>Returns value of ``attribute`` from element ``locator``.</doc>
<status status="PASS" start="2025-12-12T16:07:03.866010" elapsed="0.012742"/>
</kw>
<kw name="Append To List" owner="Collections">
<arg>${weather_data}</arg>
<arg>${day_info}</arg>
<doc>Adds ``values`` to the end of ``list``.</doc>
<status status="PASS" start="2025-12-12T16:07:03.878752" elapsed="0.001060"/>
</kw>
<var name="${day_element}">&lt;selenium.webdriver.remote.webelement.WebElement (session="3669a929c7b3ec8828811ad167d3df27", element="f.4CBBF17296D7F9D272718D3DAC18CE0E.d.CD49DB87DEC534089D94FD08D52712CA.e.9167")&gt;</var>
<status status="PASS" start="2025-12-12T16:07:03.864958" elapsed="0.014854"/>
</iter>
<var>${day_element}</var>
<value>@{days_elements}</value>
<status status="PASS" start="2025-12-12T16:07:03.217662" elapsed="0.662150"/>
</for>
<return>
<value>${weather_data}</value>
<status status="PASS" start="2025-12-12T16:07:03.879812" elapsed="0.000000"/>
</return>
<msg time="2025-12-12T16:07:03.880864" level="INFO">${weather_link} = ['https://www.accuweather.com/en/vn/ho-chi-minh-city/353981/weather-today/353981', 'https://www.accuweather.com/en/vn/ho-chi-minh-city/353981/weather-tomorrow/353981', 'https://www.accuweather.com/en/...</msg>
<var>${weather_link}</var>
<status status="PASS" start="2025-12-12T16:06:55.595334" elapsed="8.285530"/>
</kw>
<kw name="Retrieve Weather Information For All Days" owner="actions">
<kw name="Create List" owner="BuiltIn">
<msg time="2025-12-12T16:07:03.882977" level="INFO">${weather_data} = []</msg>
<var>${weather_data}</var>
<doc>Returns a list containing given items.</doc>
<status status="PASS" start="2025-12-12T16:07:03.882977" elapsed="0.000000"/>
</kw>
<for flavor="IN">
<iter>
<kw name="Extract Day Weather Information" owner="actions">
<kw name="Go To" owner="Share">
<msg time="2025-12-12T16:07:03.888691" level="INFO">Opening url 'https://www.accuweather.com/en/vn/ho-chi-minh-city/353981/weather-today/353981'</msg>
<arg>${day_element}</arg>
<doc>Navigates the active browser instance to the provided ``url``.</doc>
<status status="PASS" start="2025-12-12T16:07:03.887641" elapsed="0.757989"/>
</kw>
<kw name="Wait Cards Ready" owner="Share">
<arg>${content-module}</arg>
<status status="PASS" start="2025-12-12T16:07:04.646627" elapsed="6.405085"/>
</kw>
<kw name="Create Dictionary" owner="BuiltIn">
<msg time="2025-12-12T16:07:11.053707" level="INFO">${weather_info} = {}</msg>
<var>${weather_info}</var>
<doc>Creates and returns a dictionary based on the given ``items``.</doc>
<status status="PASS" start="2025-12-12T16:07:11.052710" elapsed="0.000997"/>
</kw>
<kw name="Get Text" owner="Share">
<msg time="2025-12-12T16:07:11.119933" level="INFO">${day_value} = FRIDAY, DECEMBER 12</msg>
<var>${day_value}</var>
<arg>${day-label}</arg>
<doc>Returns the text value of element identified by ``locator``.</doc>
<status status="PASS" start="2025-12-12T16:07:11.054704" elapsed="0.065229"/>
</kw>
<kw name="Get Text" owner="Share">
<msg time="2025-12-12T16:07:11.156188" level="INFO">${original_temperature} = 91°Hi</msg>
<var>${original_temperature}</var>
<arg>${temperature-label}</arg>
<doc>Returns the text value of element identified by ``locator``.</doc>
<status status="PASS" start="2025-12-12T16:07:11.120984" elapsed="0.035204"/>
</kw>
<kw name="Split String" owner="String">
<msg time="2025-12-12T16:07:11.157249" level="INFO">${temperature} = ['91', '']</msg>
<var>${temperature}</var>
<arg>${original_temperature}</arg>
<arg>°Hi</arg>
<doc>Splits the ``string`` using ``separator`` as a delimiter string.</doc>
<status status="PASS" start="2025-12-12T16:07:11.157249" elapsed="0.000000"/>
</kw>
<kw name="Get Text" owner="Share">
<msg time="2025-12-12T16:07:11.199332" level="INFO">${original_real_feel} = RealFeel® 106°
RealFeel Shade™ 96°</msg>
<var>${original_real_feel}</var>
<arg>${real-feel-label}</arg>
<doc>Returns the text value of element identified by ``locator``.</doc>
<status status="PASS" start="2025-12-12T16:07:11.158309" elapsed="0.042733"/>
</kw>
<kw name="Split String" owner="String">
<msg time="2025-12-12T16:07:11.202049" level="INFO">${real_feel} = ['RealFeel® 106°', 'RealFeel Shade™ 96°']</msg>
<var>${real_feel}</var>
<arg>${original_real_feel}</arg>
<arg>\n</arg>
<doc>Splits the ``string`` using ``separator`` as a delimiter string.</doc>
<status status="PASS" start="2025-12-12T16:07:11.201042" elapsed="0.001007"/>
</kw>
<kw name="Get Text" owner="Share">
<msg time="2025-12-12T16:07:11.239321" level="INFO">${main_weather} = Mostly sunny</msg>
<var>${main_weather}</var>
<arg>${main-weather-label}</arg>
<doc>Returns the text value of element identified by ``locator``.</doc>
<status status="PASS" start="2025-12-12T16:07:11.203547" elapsed="0.035774"/>
</kw>
<kw name="Extract Humidity If Include" owner="actions">
<kw name="Run Keyword And Return Status" owner="BuiltIn">
<kw name="Element Should Be Visible" owner="Share">
<msg time="2025-12-12T16:07:11.280132" level="INFO">Element 'xpath=//a[contains(text(), "Morning")]' is displayed.</msg>
<arg>${morning-button}</arg>
<doc>Verifies that the element identified by ``locator`` is visible.</doc>
<status status="PASS" start="2025-12-12T16:07:11.241432" elapsed="0.038700"/>
</kw>
<msg time="2025-12-12T16:07:11.281135" level="INFO">${morning_visible} = True</msg>
<var>${morning_visible}</var>
<arg>Element Should Be Visible</arg>
<arg>${morning-button}</arg>
<doc>Runs the given keyword with given arguments and returns the status as a Boolean value.</doc>
<status status="PASS" start="2025-12-12T16:07:11.240380" elapsed="0.040755"/>
</kw>
<kw name="Run Keyword And Return Status" owner="BuiltIn">
<kw name="Element Should Be Visible" owner="Share">
<msg time="2025-12-12T16:07:11.320256" level="INFO">Element 'xpath=//a[contains(text(), "Afternoon")]' is displayed.</msg>
<arg>${afternoon-button}</arg>
<doc>Verifies that the element identified by ``locator`` is visible.</doc>
<status status="PASS" start="2025-12-12T16:07:11.282132" elapsed="0.038124"/>
</kw>
<msg time="2025-12-12T16:07:11.321337" level="INFO">${afternoon_visible} = True</msg>
<var>${afternoon_visible}</var>
<arg>Element Should Be Visible</arg>
<arg>${afternoon-button}</arg>
<doc>Runs the given keyword with given arguments and returns the status as a Boolean value.</doc>
<status status="PASS" start="2025-12-12T16:07:11.281135" elapsed="0.040202"/>
</kw>
<kw name="Run Keyword If" owner="BuiltIn">
<arg>not (${morning_visible} or ${afternoon_visible})</arg>
<arg>Return From Keyword</arg>
<arg>N/A</arg>
<doc>Runs the given keyword with the given arguments, if ``condition`` is true.</doc>
<status status="PASS" start="2025-12-12T16:07:11.321337" elapsed="0.001013"/>
</kw>
<kw name="Run Keyword If" owner="BuiltIn">
<kw name="Set Variable" owner="BuiltIn">
<arg>${morning-button}</arg>
<doc>Returns the given values which can then be assigned to a variables.</doc>
<status status="PASS" start="2025-12-12T16:07:11.323370" elapsed="0.000000"/>
</kw>
<msg time="2025-12-12T16:07:11.323370" level="INFO">${target_button} = xpath=//a[contains(text(), "Morning")]</msg>
<var>${target_button}</var>
<arg>${morning_visible}</arg>
<arg>Set Variable</arg>
<arg>${morning-button}</arg>
<arg>ELSE</arg>
<arg>Set Variable</arg>
<arg>${afternoon-button}</arg>
<doc>Runs the given keyword with the given arguments, if ``condition`` is true.</doc>
<status status="PASS" start="2025-12-12T16:07:11.322350" elapsed="0.001020"/>
</kw>
<kw name="Get Element Attribute" owner="Share">
<msg time="2025-12-12T16:07:11.350198" level="INFO">${day_url} = https://www.accuweather.com/en/vn/ho-chi-minh-city/353981/morning-weather-forecast/353981?day=1</msg>
<var>${day_url}</var>
<arg>${target_button}</arg>
<arg>href</arg>
<doc>Returns value of ``attribute`` from element ``locator``.</doc>
<status status="PASS" start="2025-12-12T16:07:11.324382" elapsed="0.025816"/>
</kw>
<kw name="Go To" owner="Share">
<msg time="2025-12-12T16:07:11.351195" level="INFO">Opening url 'https://www.accuweather.com/en/vn/ho-chi-minh-city/353981/morning-weather-forecast/353981?day=1'</msg>
<arg>${day_url}</arg>
<doc>Navigates the active browser instance to the provided ``url``.</doc>
<status status="PASS" start="2025-12-12T16:07:11.350198" elapsed="1.001427"/>
</kw>
<kw name="Wait Cards Ready" owner="Share">
<arg>${content-module}</arg>
<status status="PASS" start="2025-12-12T16:07:12.352622" elapsed="6.501239"/>
</kw>
<kw name="Get Text" owner="Share">
<msg time="2025-12-12T16:07:18.896834" level="INFO">${humidity} = 71%</msg>
<var>${humidity}</var>
<arg>${humidity-label}</arg>
<doc>Returns the text value of element identified by ``locator``.</doc>
<status status="PASS" start="2025-12-12T16:07:18.854860" elapsed="0.041974"/>
</kw>
<return>
<value>${humidity}</value>
<status status="PASS" start="2025-12-12T16:07:18.896834" elapsed="0.000000"/>
</return>
<msg time="2025-12-12T16:07:18.898198" level="INFO">${humidity} = 71%</msg>
<var>${humidity}</var>
<status status="PASS" start="2025-12-12T16:07:11.240380" elapsed="7.657818"/>
</kw>
<kw name="Create Dictionary" owner="BuiltIn">
<msg time="2025-12-12T16:07:18.903871" level="INFO">${day_info} = {'day_value': 'FRIDAY, DECEMBER 12', 'temperature': '91', 'main_weather': 'Mostly sunny', 'real_feel': 'RealFeel® 106°', 'humidity': '71%'}</msg>
<var>${day_info}</var>
<arg>day_value=${day_value}</arg>
<arg>temperature=${temperature[0]}</arg>
<arg>main_weather=${main_weather}</arg>
<arg>real_feel=${real_feel[0]}</arg>
<arg>humidity=${humidity}</arg>
<doc>Creates and returns a dictionary based on the given ``items``.</doc>
<status status="PASS" start="2025-12-12T16:07:18.898198" elapsed="0.005673"/>
</kw>
<return>
<value>${day_info}</value>
<status status="PASS" start="2025-12-12T16:07:18.903871" elapsed="0.000000"/>
</return>
<msg time="2025-12-12T16:07:18.904985" level="INFO">${day_info} = {'day_value': 'FRIDAY, DECEMBER 12', 'temperature': '91', 'main_weather': 'Mostly sunny', 'real_feel': 'RealFeel® 106°', 'humidity': '71%'}</msg>
<var>${day_info}</var>
<arg>${day}</arg>
<status status="PASS" start="2025-12-12T16:07:03.886600" elapsed="15.018385"/>
</kw>
<kw name="Append To List" owner="Collections">
<arg>${weather_data}</arg>
<arg>${day_info}</arg>
<doc>Adds ``values`` to the end of ``list``.</doc>
<status status="PASS" start="2025-12-12T16:07:18.905997" elapsed="0.000000"/>
</kw>
<var name="${day}">https://www.accuweather.com/en/vn/ho-chi-minh-city/353981/weather-today/353981</var>
<status status="PASS" start="2025-12-12T16:07:03.883991" elapsed="15.022006"/>
</iter>
<iter>
<kw name="Extract Day Weather Information" owner="actions">
<kw name="Go To" owner="Share">
<msg time="2025-12-12T16:07:18.908552" level="INFO">Opening url 'https://www.accuweather.com/en/vn/ho-chi-minh-city/353981/weather-tomorrow/353981'</msg>
<arg>${day_element}</arg>
<doc>Navigates the active browser instance to the provided ``url``.</doc>
<status status="PASS" start="2025-12-12T16:07:18.908552" elapsed="0.808273"/>
</kw>
<kw name="Wait Cards Ready" owner="Share">
<arg>${content-module}</arg>
<status status="PASS" start="2025-12-12T16:07:19.716825" elapsed="6.925941"/>
</kw>
<kw name="Create Dictionary" owner="BuiltIn">
<msg time="2025-12-12T16:07:26.643826" level="INFO">${weather_info} = {}</msg>
<var>${weather_info}</var>
<doc>Creates and returns a dictionary based on the given ``items``.</doc>
<status status="PASS" start="2025-12-12T16:07:26.643826" elapsed="0.001078"/>
</kw>
<kw name="Get Text" owner="Share">
<msg time="2025-12-12T16:07:26.683864" level="INFO">${day_value} = SATURDAY, DECEMBER 13</msg>
<var>${day_value}</var>
<arg>${day-label}</arg>
<doc>Returns the text value of element identified by ``locator``.</doc>
<status status="PASS" start="2025-12-12T16:07:26.644904" elapsed="0.038960"/>
</kw>
<kw name="Get Text" owner="Share">
<msg time="2025-12-12T16:07:26.721329" level="INFO">${original_temperature} = 91°Hi</msg>
<var>${original_temperature}</var>
<arg>${temperature-label}</arg>
<doc>Returns the text value of element identified by ``locator``.</doc>
<status status="PASS" start="2025-12-12T16:07:26.683864" elapsed="0.037465"/>
</kw>
<kw name="Split String" owner="String">
<msg time="2025-12-12T16:07:26.722932" level="INFO">${temperature} = ['91', '']</msg>
<var>${temperature}</var>
<arg>${original_temperature}</arg>
<arg>°Hi</arg>
<doc>Splits the ``string`` using ``separator`` as a delimiter string.</doc>
<status status="PASS" start="2025-12-12T16:07:26.721329" elapsed="0.001603"/>
</kw>
<kw name="Get Text" owner="Share">
<msg time="2025-12-12T16:07:26.760695" level="INFO">${original_real_feel} = RealFeel® 100°
RealFeel Shade™ 96°</msg>
<var>${original_real_feel}</var>
<arg>${real-feel-label}</arg>
<doc>Returns the text value of element identified by ``locator``.</doc>
<status status="PASS" start="2025-12-12T16:07:26.722932" elapsed="0.037763"/>
</kw>
<kw name="Split String" owner="String">
<msg time="2025-12-12T16:07:26.761755" level="INFO">${real_feel} = ['RealFeel® 100°', 'RealFeel Shade™ 96°']</msg>
<var>${real_feel}</var>
<arg>${original_real_feel}</arg>
<arg>\n</arg>
<doc>Splits the ``string`` using ``separator`` as a delimiter string.</doc>
<status status="PASS" start="2025-12-12T16:07:26.760695" elapsed="0.001060"/>
</kw>
<kw name="Get Text" owner="Share">
<msg time="2025-12-12T16:07:26.790182" level="INFO">${main_weather} = Cloudy and humid; an afternoon thunderstorm in spots</msg>
<var>${main_weather}</var>
<arg>${main-weather-label}</arg>
<doc>Returns the text value of element identified by ``locator``.</doc>
<status status="PASS" start="2025-12-12T16:07:26.761755" elapsed="0.028427"/>
</kw>
<kw name="Extract Humidity If Include" owner="actions">
<kw name="Run Keyword And Return Status" owner="BuiltIn">
<kw name="Element Should Be Visible" owner="Share">
<msg time="2025-12-12T16:07:26.824178" level="INFO">Element 'xpath=//a[contains(text(), "Morning")]' is displayed.</msg>
<arg>${morning-button}</arg>
<doc>Verifies that the element identified by ``locator`` is visible.</doc>
<status status="PASS" start="2025-12-12T16:07:26.792296" elapsed="0.031882"/>
</kw>
<msg time="2025-12-12T16:07:26.824178" level="INFO">${morning_visible} = True</msg>
<var>${morning_visible}</var>
<arg>Element Should Be Visible</arg>
<arg>${morning-button}</arg>
<doc>Runs the given keyword with given arguments and returns the status as a Boolean value.</doc>
<status status="PASS" start="2025-12-12T16:07:26.792296" elapsed="0.031882"/>
</kw>
<kw name="Run Keyword And Return Status" owner="BuiltIn">
<kw name="Element Should Be Visible" owner="Share">
<msg time="2025-12-12T16:07:26.855601" level="INFO">Element 'xpath=//a[contains(text(), "Afternoon")]' is displayed.</msg>
<arg>${afternoon-button}</arg>
<doc>Verifies that the element identified by ``locator`` is visible.</doc>
<status status="PASS" start="2025-12-12T16:07:26.825244" elapsed="0.030357"/>
</kw>
<msg time="2025-12-12T16:07:26.856659" level="INFO">${afternoon_visible} = True</msg>
<var>${afternoon_visible}</var>
<arg>Element Should Be Visible</arg>
<arg>${afternoon-button}</arg>
<doc>Runs the given keyword with given arguments and returns the status as a Boolean value.</doc>
<status status="PASS" start="2025-12-12T16:07:26.825244" elapsed="0.031415"/>
</kw>
<kw name="Run Keyword If" owner="BuiltIn">
<arg>not (${morning_visible} or ${afternoon_visible})</arg>
<arg>Return From Keyword</arg>
<arg>N/A</arg>
<doc>Runs the given keyword with the given arguments, if ``condition`` is true.</doc>
<status status="PASS" start="2025-12-12T16:07:26.856659" elapsed="0.001178"/>
</kw>
<kw name="Run Keyword If" owner="BuiltIn">
<kw name="Set Variable" owner="BuiltIn">
<arg>${morning-button}</arg>
<doc>Returns the given values which can then be assigned to a variables.</doc>
<status status="PASS" start="2025-12-12T16:07:26.858896" elapsed="0.000000"/>
</kw>
<msg time="2025-12-12T16:07:26.858896" level="INFO">${target_button} = xpath=//a[contains(text(), "Morning")]</msg>
<var>${target_button}</var>
<arg>${morning_visible}</arg>
<arg>Set Variable</arg>
<arg>${morning-button}</arg>
<arg>ELSE</arg>
<arg>Set Variable</arg>
<arg>${afternoon-button}</arg>
<doc>Runs the given keyword with the given arguments, if ``condition`` is true.</doc>
<status status="PASS" start="2025-12-12T16:07:26.857837" elapsed="0.001059"/>
</kw>
<kw name="Get Element Attribute" owner="Share">
<msg time="2025-12-12T16:07:26.889011" level="INFO">${day_url} = https://www.accuweather.com/en/vn/ho-chi-minh-city/353981/morning-weather-forecast/353981?day=2</msg>
<var>${day_url}</var>
<arg>${target_button}</arg>
<arg>href</arg>
<doc>Returns value of ``attribute`` from element ``locator``.</doc>
<status status="PASS" start="2025-12-12T16:07:26.859948" elapsed="0.029063"/>
</kw>
<kw name="Go To" owner="Share">
<msg time="2025-12-12T16:07:26.891130" level="INFO">Opening url 'https://www.accuweather.com/en/vn/ho-chi-minh-city/353981/morning-weather-forecast/353981?day=2'</msg>
<arg>${day_url}</arg>
<doc>Navigates the active browser instance to the provided ``url``.</doc>
<status status="PASS" start="2025-12-12T16:07:26.890078" elapsed="0.872551"/>
</kw>
<kw name="Wait Cards Ready" owner="Share">
<arg>${content-module}</arg>
<status status="PASS" start="2025-12-12T16:07:27.763709" elapsed="6.549945"/>
</kw>
<kw name="Get Text" owner="Share">
<msg time="2025-12-12T16:07:34.342892" level="INFO">${humidity} = 79%</msg>
<var>${humidity}</var>
<arg>${humidity-label}</arg>
<doc>Returns the text value of element identified by ``locator``.</doc>
<status status="PASS" start="2025-12-12T16:07:34.314706" elapsed="0.028186"/>
</kw>
<return>
<value>${humidity}</value>
[...]
</kw>
<kw name="Navigation And Select Item In Menu" owner="keywords">
<kw name="Select Item In Navigation Menu" owner="actions">
<kw name="Convert To Lower Case" owner="String">
<msg time="2025-12-12T16:19:03.781023" level="INFO">${item_lower} = now</msg>
<var>${item_lower}</var>
<arg>${item}</arg>
<doc>Converts string to lower case.</doc>
<status status="PASS" start="2025-12-12T16:19:03.779966" elapsed="0.001057"/>
</kw>
<kw name="Replace String" owner="String">
<msg time="2025-12-12T16:19:03.782094" level="INFO">${locator} = xpath=//a[@data-gaid="now"]</msg>
<var>${locator}</var>
<arg>${menu-items}</arg>
<arg>&lt;&lt;param&gt;&gt;</arg>
<arg>${item_lower}</arg>
<doc>Replaces ``search_for`` in the given ``string`` with ``replace_with``.</doc>
<status status="PASS" start="2025-12-12T16:19:03.781023" elapsed="0.002128"/>
</kw>
<kw name="Wait Until Element Is Visible" owner="Share">
<arg>${locator}</arg>
<status status="PASS" start="2025-12-12T16:19:03.784273" elapsed="0.056826"/>
</kw>
<kw name="Click Element" owner="Share">
<msg time="2025-12-12T16:19:03.843217" level="INFO">Clicking element 'xpath=//a[@data-gaid="now"]'.</msg>
<arg>${locator}</arg>
<doc>Click element identified by ``locator``.</doc>
<status status="PASS" start="2025-12-12T16:19:03.842164" elapsed="1.867745"/>
</kw>
<arg>${value['menu-item']}</arg>
<status status="PASS" start="2025-12-12T16:19:03.775705" elapsed="1.934204"/>
</kw>
<arg>${data}</arg>
<status status="PASS" start="2025-12-12T16:19:03.773576" elapsed="1.936333"/>
</kw>
<kw name="Get Current Weather Information" owner="actions">
<kw name="Wait Cards Ready" owner="Share">
<arg>${content-module}</arg>
<status status="PASS" start="2025-12-12T16:19:05.712339" elapsed="6.972240"/>
</kw>
<kw name="Get Text" owner="Share">
<msg time="2025-12-12T16:19:12.741282" level="INFO">${current_temp} = 91°F
RealFeel® 101°</msg>
<var>${current_temp}</var>
<arg>${current-temperature}</arg>
<doc>Returns the text value of element identified by ``locator``.</doc>
<status status="PASS" start="2025-12-12T16:19:12.685578" elapsed="0.055704"/>
</kw>
<kw name="Get Text" owner="Share">
<msg time="2025-12-12T16:19:12.775410" level="INFO">${current_desc} = Mostly cloudy</msg>
<var>${current_desc}</var>
<arg>${current-weather}</arg>
<doc>Returns the text value of element identified by ``locator``.</doc>
<status status="PASS" start="2025-12-12T16:19:12.742415" elapsed="0.032995"/>
</kw>
<kw name="Get Text" owner="Share">
<msg time="2025-12-12T16:19:12.806844" level="INFO">${current_time} = 4:19 PM</msg>
<var>${current_time}</var>
<arg>${current-time}</arg>
<doc>Returns the text value of element identified by ``locator``.</doc>
<status status="PASS" start="2025-12-12T16:19:12.776564" elapsed="0.030280"/>
</kw>
<kw name="Create Dictionary" owner="BuiltIn">
<msg time="2025-12-12T16:19:12.808146" level="INFO">${current_weather} = {'timestamp': '4:19 PM', 'temperature': '91°F\nRealFeel® 101°', 'description': 'Mostly cloudy'}</msg>
<var>${current_weather}</var>
<arg>timestamp=${current_time}</arg>
<arg>temperature=${current_temp}</arg>
<arg>description=${current_desc}</arg>
<doc>Creates and returns a dictionary based on the given ``items``.</doc>
<status status="PASS" start="2025-12-12T16:19:12.806844" elapsed="0.001302"/>
</kw>
<return>
<value>${current_weather}</value>
<status status="PASS" start="2025-12-12T16:19:12.808146" elapsed="0.000000"/>
</return>
<msg time="2025-12-12T16:19:12.809267" level="INFO">${current_weather} = {'timestamp': '4:19 PM', 'temperature': '91°F\nRealFeel® 101°', 'description': 'Mostly cloudy'}</msg>
<var>${current_weather}</var>
<status status="PASS" start="2025-12-12T16:19:05.711330" elapsed="7.097937"/>
</kw>
<kw name="Log" owner="BuiltIn">
<msg time="2025-12-12T16:19:12.809267" level="INFO">Current weather: {'timestamp': '4:19 PM', 'temperature': '91°F\nRealFeel® 101°', 'description': 'Mostly cloudy'}</msg>
<arg>Current weather: ${current_weather}</arg>
<doc>Logs the given message with the given level.</doc>
<status status="PASS" start="2025-12-12T16:19:12.809267" elapsed="0.000000"/>
</kw>
<kw name="Sleep" owner="BuiltIn">
<msg time="2025-12-12T16:19:15.824767" level="INFO">Slept 3 seconds.</msg>
<arg>3</arg>
<doc>Pauses the test executed for the given time.</doc>
<status status="PASS" start="2025-12-12T16:19:12.810652" elapsed="3.014115"/>
</kw>
<var name="${i}">21</var>
<status status="PASS" start="2025-12-12T16:19:03.770361" elapsed="12.055285"/>
</iter>
<iter>
<kw name="Log" owner="BuiltIn">
<msg time="2025-12-12T16:19:15.827636" level="INFO">Executing hourly test iteration 22</msg>
<arg>Executing hourly test iteration ${i}</arg>
<doc>Logs the given message with the given level.</doc>
<status status="PASS" start="2025-12-12T16:19:15.826639" elapsed="0.000997"/>
</kw>
<kw name="Navigation And Select Item In Menu" owner="keywords">
<kw name="Select Item In Navigation Menu" owner="actions">
<kw name="Convert To Lower Case" owner="String">
<msg time="2025-12-12T16:19:15.835615" level="INFO">${item_lower} = now</msg>
<var>${item_lower}</var>
<arg>${item}</arg>
<doc>Converts string to lower case.</doc>
<status status="PASS" start="2025-12-12T16:19:15.834617" elapsed="0.000998"/>
</kw>
<kw name="Replace String" owner="String">
<msg time="2025-12-12T16:19:15.836612" level="INFO">${locator} = xpath=//a[@data-gaid="now"]</msg>
<var>${locator}</var>
<arg>${menu-items}</arg>
<arg>&lt;&lt;param&gt;&gt;</arg>
<arg>${item_lower}</arg>
<doc>Replaces ``search_for`` in the given ``string`` with ``replace_with``.</doc>
<status status="PASS" start="2025-12-12T16:19:15.835615" elapsed="0.001994"/>
</kw>
<kw name="Wait Until Element Is Visible" owner="Share">
<arg>${locator}</arg>
<status status="PASS" start="2025-12-12T16:19:15.837609" elapsed="0.065742"/>
</kw>
<kw name="Click Element" owner="Share">
<msg time="2025-12-12T16:19:15.904451" level="INFO">Clicking element 'xpath=//a[@data-gaid="now"]'.</msg>
<arg>${locator}</arg>
<doc>Click element identified by ``locator``.</doc>
<status status="PASS" start="2025-12-12T16:19:15.904451" elapsed="0.812854"/>
</kw>
<arg>${value['menu-item']}</arg>
<status status="PASS" start="2025-12-12T16:19:15.830628" elapsed="0.887753"/>
</kw>
<arg>${data}</arg>
<status status="PASS" start="2025-12-12T16:19:15.828633" elapsed="0.889748"/>
</kw>
<kw name="Get Current Weather Information" owner="actions">
<kw name="Wait Cards Ready" owner="Share">
<arg>${content-module}</arg>
<status status="PASS" start="2025-12-12T16:19:16.719384" elapsed="6.912905"/>
</kw>
<kw name="Get Text" owner="Share">
<msg time="2025-12-12T16:19:23.667891" level="INFO">${current_temp} = 91°F
RealFeel® 101°</msg>
<var>${current_temp}</var>
<arg>${current-temperature}</arg>
<doc>Returns the text value of element identified by ``locator``.</doc>
<status status="PASS" start="2025-12-12T16:19:23.632289" elapsed="0.035602"/>
</kw>
<kw name="Get Text" owner="Share">
<msg time="2025-12-12T16:19:23.698884" level="INFO">${current_desc} = Mostly cloudy</msg>
<var>${current_desc}</var>
<arg>${current-weather}</arg>
<doc>Returns the text value of element identified by ``locator``.</doc>
<status status="PASS" start="2025-12-12T16:19:23.668899" elapsed="0.029985"/>
</kw>
<kw name="Get Text" owner="Share">
<msg time="2025-12-12T16:19:23.732491" level="INFO">${current_time} = 4:19 PM</msg>
<var>${current_time}</var>
<arg>${current-time}</arg>
<doc>Returns the text value of element identified by ``locator``.</doc>
<status status="PASS" start="2025-12-12T16:19:23.698884" elapsed="0.033607"/>
</kw>
<kw name="Create Dictionary" owner="BuiltIn">
<msg time="2025-12-12T16:19:23.733489" level="INFO">${current_weather} = {'timestamp': '4:19 PM', 'temperature': '91°F\nRealFeel® 101°', 'description': 'Mostly cloudy'}</msg>
<var>${current_weather}</var>
<arg>timestamp=${current_time}</arg>
<arg>temperature=${current_temp}</arg>
<arg>description=${current_desc}</arg>
<doc>Creates and returns a dictionary based on the given ``items``.</doc>
<status status="PASS" start="2025-12-12T16:19:23.732491" elapsed="0.000998"/>
</kw>
<return>
<value>${current_weather}</value>
<status status="PASS" start="2025-12-12T16:19:23.733489" elapsed="0.000997"/>
</return>
<msg time="2025-12-12T16:19:23.734486" level="INFO">${current_weather} = {'timestamp': '4:19 PM', 'temperature': '91°F\nRealFeel® 101°', 'description': 'Mostly cloudy'}</msg>
<var>${current_weather}</var>
<status status="PASS" start="2025-12-12T16:19:16.719384" elapsed="7.015102"/>
</kw>
<kw name="Log" owner="BuiltIn">
<msg time="2025-12-12T16:19:23.735483" level="INFO">Current weather: {'timestamp': '4:19 PM', 'temperature': '91°F\nRealFeel® 101°', 'description': 'Mostly cloudy'}</msg>
<arg>Current weather: ${current_weather}</arg>
<doc>Logs the given message with the given level.</doc>
<status status="PASS" start="2025-12-12T16:19:23.734486" elapsed="0.000997"/>
</kw>
<kw name="Sleep" owner="BuiltIn">
<msg time="2025-12-12T16:19:26.737595" level="INFO">Slept 3 seconds.</msg>
<arg>3</arg>
<doc>Pauses the test executed for the given time.</doc>
<status status="PASS" start="2025-12-12T16:19:23.735483" elapsed="3.002112"/>
</kw>
<var name="${i}">22</var>
<status status="PASS" start="2025-12-12T16:19:15.826639" elapsed="10.910956"/>
</iter>
<iter>
<kw name="Log" owner="BuiltIn">
<msg time="2025-12-12T16:19:26.739958" level="INFO">Executing hourly test iteration 23</msg>
<arg>Executing hourly test iteration ${i}</arg>
<doc>Logs the given message with the given level.</doc>
<status status="PASS" start="2025-12-12T16:19:26.739958" elapsed="0.001141"/>
</kw>
<kw name="Navigation And Select Item In Menu" owner="keywords">
<kw name="Select Item In Navigation Menu" owner="actions">
<kw name="Convert To Lower Case" owner="String">
<msg time="2025-12-12T16:19:26.748674" level="INFO">${item_lower} = now</msg>
<var>${item_lower}</var>
<arg>${item}</arg>
<doc>Converts string to lower case.</doc>
<status status="PASS" start="2025-12-12T16:19:26.747610" elapsed="0.001064"/>
</kw>
<kw name="Replace String" owner="String">
<msg time="2025-12-12T16:19:26.750739" level="INFO">${locator} = xpath=//a[@data-gaid="now"]</msg>
<var>${locator}</var>
<arg>${menu-items}</arg>
<arg>&lt;&lt;param&gt;&gt;</arg>
<arg>${item_lower}</arg>
<doc>Replaces ``search_for`` in the given ``string`` with ``replace_with``.</doc>
<status status="PASS" start="2025-12-12T16:19:26.749665" elapsed="0.001074"/>
</kw>
<kw name="Wait Until Element Is Visible" owner="Share">
<arg>${locator}</arg>
<status status="PASS" start="2025-12-12T16:19:26.751878" elapsed="0.045027"/>
</kw>
<kw name="Click Element" owner="Share">
<msg time="2025-12-12T16:19:26.797910" level="INFO">Clicking element 'xpath=//a[@data-gaid="now"]'.</msg>
<arg>${locator}</arg>
<doc>Click element identified by ``locator``.</doc>
<status status="PASS" start="2025-12-12T16:19:26.797910" elapsed="0.823975"/>
</kw>
<arg>${value['menu-item']}</arg>
<status status="PASS" start="2025-12-12T16:19:26.744285" elapsed="0.877600"/>
</kw>
<arg>${data}</arg>
<status status="PASS" start="2025-12-12T16:19:26.742099" elapsed="0.879786"/>
</kw>
<kw name="Get Current Weather Information" owner="actions">
<kw name="Wait Cards Ready" owner="Share">
<arg>${content-module}</arg>
<status status="PASS" start="2025-12-12T16:19:27.623033" elapsed="6.690283"/>
</kw>
<kw name="Get Text" owner="Share">
<msg time="2025-12-12T16:19:34.367422" level="INFO">${current_temp} = 91°F
RealFeel® 101°</msg>
<var>${current_temp}</var>
<arg>${current-temperature}</arg>
<doc>Returns the text value of element identified by ``locator``.</doc>
<status status="PASS" start="2025-12-12T16:19:34.314441" elapsed="0.052981"/>
</kw>
<kw name="Get Text" owner="Share">
<msg time="2025-12-12T16:19:34.414833" level="INFO">${current_desc} = Mostly cloudy</msg>
<var>${current_desc}</var>
<arg>${current-weather}</arg>
<doc>Returns the text value of element identified by ``locator``.</doc>
<status status="PASS" start="2025-12-12T16:19:34.368427" elapsed="0.046406"/>
</kw>
<kw name="Get Text" owner="Share">
<msg time="2025-12-12T16:19:34.444275" level="INFO">${current_time} = 4:19 PM</msg>
<var>${current_time}</var>
<arg>${current-time}</arg>
<doc>Returns the text value of element identified by ``locator``.</doc>
<status status="PASS" start="2025-12-12T16:19:34.414833" elapsed="0.029442"/>
</kw>
<kw name="Create Dictionary" owner="BuiltIn">
<msg time="2025-12-12T16:19:34.446340" level="INFO">${current_weather} = {'timestamp': '4:19 PM', 'temperature': '91°F\nRealFeel® 101°', 'description': 'Mostly cloudy'}</msg>
<var>${current_weather}</var>
<arg>timestamp=${current_time}</arg>
<arg>temperature=${current_temp}</arg>
<arg>description=${current_desc}</arg>
<doc>Creates and returns a dictionary based on the given ``items``.</doc>
<status status="PASS" start="2025-12-12T16:19:34.445318" elapsed="0.001022"/>
</kw>
<return>
<value>${current_weather}</value>
<status status="PASS" start="2025-12-12T16:19:34.446340" elapsed="0.000000"/>
</return>
<msg time="2025-12-12T16:19:34.446340" level="INFO">${current_weather} = {'timestamp': '4:19 PM', 'temperature': '91°F\nRealFeel® 101°', 'description': 'Mostly cloudy'}</msg>
<var>${current_weather}</var>
<status status="PASS" start="2025-12-12T16:19:27.623033" elapsed="6.823307"/>
</kw>
<kw name="Log" owner="BuiltIn">
<msg time="2025-12-12T16:19:34.447583" level="INFO">Current weather: {'timestamp': '4:19 PM', 'temperature': '91°F\nRealFeel® 101°', 'description': 'Mostly cloudy'}</msg>
<arg>Current weather: ${current_weather}</arg>
<doc>Logs the given message with the given level.</doc>
<status status="PASS" start="2025-12-12T16:19:34.447583" elapsed="0.000000"/>
</kw>
<kw name="Sleep" owner="BuiltIn">
<msg time="2025-12-12T16:19:37.463876" level="INFO">Slept 3 seconds.</msg>
<arg>3</arg>
<doc>Pauses the test executed for the given time.</doc>
<status status="PASS" start="2025-12-12T16:19:34.448608" elapsed="3.016222"/>
</kw>
<var name="${i}">23</var>
<status status="PASS" start="2025-12-12T16:19:26.738899" elapsed="10.725931"/>
</iter>
<iter>
<kw name="Log" owner="BuiltIn">
<msg time="2025-12-12T16:19:37.468038" level="INFO">Executing hourly test iteration 24</msg>
<arg>Executing hourly test iteration ${i}</arg>
<doc>Logs the given message with the given level.</doc>
<status status="PASS" start="2025-12-12T16:19:37.466825" elapsed="0.001213"/>
</kw>
<kw name="Navigation And Select Item In Menu" owner="keywords">
<kw name="Select Item In Navigation Menu" owner="actions">
<kw name="Convert To Lower Case" owner="String">
<msg time="2025-12-12T16:19:37.476336" level="INFO">${item_lower} = now</msg>
<var>${item_lower}</var>
<arg>${item}</arg>
<doc>Converts string to lower case.</doc>
<status status="PASS" start="2025-12-12T16:19:37.475291" elapsed="0.001045"/>
</kw>
<kw name="Replace String" owner="String">
<msg time="2025-12-12T16:19:37.478401" level="INFO">${locator} = xpath=//a[@data-gaid="now"]</msg>
<var>${locator}</var>
<arg>${menu-items}</arg>
<arg>&lt;&lt;param&gt;&gt;</arg>
<arg>${item_lower}</arg>
<doc>Replaces ``search_for`` in the given ``string`` with ``replace_with``.</doc>
<status status="PASS" start="2025-12-12T16:19:37.476336" elapsed="0.002065"/>
</kw>
<kw name="Wait Until Element Is Visible" owner="Share">
<arg>${locator}</arg>
<status status="PASS" start="2025-12-12T16:19:37.478401" elapsed="0.061103"/>
</kw>
<kw name="Click Element" owner="Share">
<msg time="2025-12-12T16:19:37.541625" level="INFO">Clicking element 'xpath=//a[@data-gaid="now"]'.</msg>
<arg>${locator}</arg>
<doc>Click element identified by ``locator``.</doc>
<status status="PASS" start="2025-12-12T16:19:37.540558" elapsed="1.352049"/>
</kw>
<arg>${value['menu-item']}</arg>
<status status="PASS" start="2025-12-12T16:19:37.471099" elapsed="1.421508"/>
</kw>
<arg>${data}</arg>
<status status="PASS" start="2025-12-12T16:19:37.469068" elapsed="1.423539"/>
</kw>
<kw name="Get Current Weather Information" owner="actions">
<kw name="Wait Cards Ready" owner="Share">
<arg>${content-module}</arg>
<status status="PASS" start="2025-12-12T16:19:38.893605" elapsed="7.001339"/>
</kw>
<kw name="Get Text" owner="Share">
<msg time="2025-12-12T16:19:45.940526" level="INFO">${current_temp} = 91°F
RealFeel® 101°</msg>
<var>${current_temp}</var>
<arg>${current-temperature}</arg>
<doc>Returns the text value of element identified by ``locator``.</doc>
<status status="PASS" start="2025-12-12T16:19:45.896234" elapsed="0.044292"/>
</kw>
<kw name="Get Text" owner="Share">
<msg time="2025-12-12T16:19:45.964846" level="INFO">${current_desc} = Mostly cloudy</msg>
<var>${current_desc}</var>
<arg>${current-weather}</arg>
<doc>Returns the text value of element identified by ``locator``.</doc>
<status status="PASS" start="2025-12-12T16:19:45.940526" elapsed="0.024320"/>
</kw>
<kw name="Get Text" owner="Share">
<msg time="2025-12-12T16:19:45.994190" level="INFO">${current_time} = 4:19 PM</msg>
<var>${current_time}</var>
<arg>${current-time}</arg>
<doc>Returns the text value of element identified by ``locator``.</doc>
<status status="PASS" start="2025-12-12T16:19:45.964846" elapsed="0.029344"/>
</kw>
<kw name="Create Dictionary" owner="BuiltIn">
<msg time="2025-12-12T16:19:45.995748" level="INFO">${current_weather} = {'timestamp': '4:19 PM', 'temperature': '91°F\nRealFeel® 101°', 'description': 'Mostly cloudy'}</msg>
<var>${current_weather}</var>
<arg>timestamp=${current_time}</arg>
<arg>temperature=${current_temp}</arg>
<arg>description=${current_desc}</arg>
<doc>Creates and returns a dictionary based on the given ``items``.</doc>
<status status="PASS" start="2025-12-12T16:19:45.994190" elapsed="0.001558"/>
</kw>
<return>
<value>${current_weather}</value>
<status status="PASS" start="2025-12-12T16:19:45.995748" elapsed="0.000000"/>
</return>
<msg time="2025-12-12T16:19:45.995748" level="INFO">${current_weather} = {'timestamp': '4:19 PM', 'temperature': '91°F\nRealFeel® 101°', 'description': 'Mostly cloudy'}</msg>
<var>${current_weather}</var>
<status status="PASS" start="2025-12-12T16:19:38.893605" elapsed="7.102143"/>
</kw>
<kw name="Log" owner="BuiltIn">
<msg time="2025-12-12T16:19:45.997343" level="INFO">Current weather: {'timestamp': '4:19 PM', 'temperature': '91°F\nRealFeel® 101°', 'description': 'Mostly cloudy'}</msg>
<arg>Current weather: ${current_weather}</arg>
<doc>Logs the given message with the given level.</doc>
<status status="PASS" start="2025-12-12T16:19:45.997343" elapsed="0.000000"/>
</kw>
<kw name="Sleep" owner="BuiltIn">
<msg time="2025-12-12T16:19:49.001625" level="INFO">Slept 3 seconds.</msg>
<arg>3</arg>
<doc>Pauses the test executed for the given time.</doc>
<status status="PASS" start="2025-12-12T16:19:45.997343" elapsed="3.004282"/>
</kw>
<var name="${i}">24</var>
<status status="PASS" start="2025-12-12T16:19:37.465827" elapsed="11.535798"/>
</iter>
<var>${i}</var>
<value>1</value>
<value>25</value>
<status status="PASS" start="2025-12-12T16:15:15.708712" elapsed="273.292913"/>
</for>
<tag>weather_hourly</tag>
<status status="PASS" start="2025-12-12T16:15:10.458004" elapsed="278.546874"/>
</test>
<status status="PASS" start="2025-12-12T16:06:45.196442" elapsed="783.814919"/>
</suite>
<kw name="Test Suite Teardown" owner="keywords" type="TEARDOWN">
<kw name="Close Browser" owner="Share">
<doc>Closes the current browser.</doc>
<status status="PASS" start="2025-12-12T16:19:49.052907" elapsed="3.767945"/>
</kw>
<status status="PASS" start="2025-12-12T16:19:49.049082" elapsed="3.773007"/>
</kw>
<status status="PASS" start="2025-12-12T16:06:12.843248" elapsed="819.978841"/>
</suite>
<statistics>
<total>
<stat pass="2" fail="0" skip="0">All Tests</stat>
</total>
<tag>
<stat pass="1" fail="0" skip="0">wearther_daily</stat>
<stat pass="1" fail="0" skip="0">weather_hourly</stat>
</tag>
<suite>
<stat pass="2" fail="0" skip="0" id="s1" name="Testcase">Testcase</stat>
<stat pass="2" fail="0" skip="0" id="s1-s1" name="Accuweather">Testcase.Accuweather</stat>
</suite>
</statistics>
<errors>
</errors>
</robot>
